11.5433 	INFO 	Loaded monitor calibration from ['2024_08_23 11:36']
11.5541 	WARNING 	User requested fullscreen with size [1024  768], but screen is actually [1920, 1200]. Using actual size
11.9157 	EXP 	Created window1 = Window(allowGUI=False, allowStencil=False, autoLog=True, backendConf=UNKNOWN, backgroundFit=<method-wrapper '__getattribute__' of attributeSetter object at 0x000002445B06E680>, backgroundImage=<method-wrapper '__getattribute__' of attributeSetter object at 0x000002445B06E620>, bitsMode=UNKNOWN, blendMode='avg', bpc=(8, 8, 8), color=array([0, 0, 0]), colorSpace='rgb', depthBits=8, fullscr=True, gamma=None, gammaErrorPolicy='raise', infoMsg=UNKNOWN, lms=UNKNOWN, monitor=<psychopy.monitors.calibTools.Monitor object at 0x000002445B107490>, multiSample=False, name='window1', numSamples=2, pos=[0.0, 0.0], screen=0, size=array([1920, 1200]), stencilBits=0, stereo=False, title='PsychoPy', units='height', useFBO=True, useRetina=False, viewOri=0.0, viewPos=None, viewScale=None, waitBlanking=True, winType='pyglet')
11.9159 	EXP 	window1: backgroundImage = ''
11.9159 	EXP 	window1: backgroundFit = 'none'
11.9948 	EXP 	window1: Attempting to measure frame rate of screen (0) ...
11.9949 	EXP 	window1: recordFrameIntervals = False
12.2687 	EXP 	window1: recordFrameIntervals = True
12.4512 	EXP 	Screen (0) actual frame rate measured at 59.85Hz
12.4513 	EXP 	window1: recordFrameIntervals = False
16.4155 	INFO 	keyboard.Keyboard is using iohub backend.
16.4155 	INFO 	keyboard.Keyboard is using iohub backend.
16.4156 	INFO 	keyboard.Keyboard is using iohub backend.
16.4156 	INFO 	keyboard.Keyboard is using iohub backend.
16.4156 	INFO 	keyboard.Keyboard is using iohub backend.
16.4157 	INFO 	keyboard.Keyboard is using iohub backend.
16.4157 	EXP 	Solo project: status = STARTED
16.5284 	EXP 	Created Welcome = TextStim(__class__=<class 'psychopy.visual.text.TextStim'>, alignHoriz=method-wrapper(...), alignText='center', alignVert=method-wrapper(...), anchorHoriz='center', anchorVert='center', antialias=True, autoDraw=False, autoLog=True, bold=False, color=array([1., 1., 1.]), colorSpace='rgb', contrast=1.0, depth=0.0, draggable=False, flipHoriz=False, flipVert=False, font='Arial', fontFiles=[], height=0.05, italic=False, languageStyle='LTR', name='Welcome', opacity=1, ori=0.0, pos=array([0., 0.]), rgb=UNKNOWN, text=str(...), units='height', win=Window(...), wrapWidth=1)
16.5458 	EXP 	Created textInstructions = TextStim(__class__=<class 'psychopy.visual.text.TextStim'>, alignHoriz=method-wrapper(...), alignText='center', alignVert=method-wrapper(...), anchorHoriz='center', anchorVert='center', antialias=True, autoDraw=False, autoLog=True, bold=False, color=array([1., 1., 1.]), colorSpace='rgb', contrast=1.0, depth=0.0, draggable=False, flipHoriz=False, flipVert=False, font='Times New Roman', fontFiles=[], height=0.05, italic=False, languageStyle='LTR', name='textInstructions', opacity=1, ori=0.0, pos=array([0., 0.]), rgb=UNKNOWN, text=str(...), units='height', win=Window(...), wrapWidth=1)
16.5467 	EXP 	Created textStudytrail = TextStim(__class__=<class 'psychopy.visual.text.TextStim'>, alignHoriz=method-wrapper(...), alignText='center', alignVert=method-wrapper(...), anchorHoriz='center', anchorVert='center', antialias=True, autoDraw=False, autoLog=True, bold=False, color=array([1., 1., 1.]), colorSpace='rgb', contrast=1.0, depth=0.0, draggable=False, flipHoriz=False, flipVert=False, font='Arial', fontFiles=[], height=0.05, italic=False, languageStyle='LTR', name='textStudytrail', opacity=1, ori=0.0, pos=array([0., 0.]), rgb=UNKNOWN, text='', units='height', win=Window(...), wrapWidth=1)
16.5481 	EXP 	Created textBlank = TextStim(__class__=<class 'psychopy.visual.text.TextStim'>, alignHoriz=method-wrapper(...), alignText='center', alignVert=method-wrapper(...), anchorHoriz='center', anchorVert='center', antialias=True, autoDraw=False, autoLog=True, bold=False, color=array([1., 1., 1.]), colorSpace='rgb', contrast=1.0, depth=0.0, draggable=False, flipHoriz=False, flipVert=False, font='Arial', fontFiles=[], height=0.05, italic=False, languageStyle='LTR', name='textBlank', opacity=1, ori=0.0, pos=array([0., 0.]), rgb=UNKNOWN, text='', units='height', win=Window(...), wrapWidth=1)
16.5543 	EXP 	Created textWaitScreen = TextStim(__class__=<class 'psychopy.visual.text.TextStim'>, alignHoriz=method-wrapper(...), alignText='center', alignVert=method-wrapper(...), anchorHoriz='center', anchorVert='center', antialias=True, autoDraw=False, autoLog=True, bold=False, color=array([1., 1., 1.]), colorSpace='rgb', contrast=1.0, depth=0.0, draggable=False, flipHoriz=False, flipVert=False, font='Arial', fontFiles=[], height=0.05, italic=False, languageStyle='LTR', name='textWaitScreen', opacity=1, ori=0.0, pos=array([0., 0.]), rgb=UNKNOWN, text='Please notify researcher', units='height', win=Window(...), wrapWidth=1)
16.5639 	EXP 	Created text = TextStim(__class__=<class 'psychopy.visual.text.TextStim'>, alignHoriz=method-wrapper(...), alignText='center', alignVert=method-wrapper(...), anchorHoriz='center', anchorVert='center', antialias=True, autoDraw=False, autoLog=True, bold=False, color=array([1., 1., 1.]), colorSpace='rgb', contrast=1.0, depth=0.0, draggable=False, flipHoriz=False, flipVert=False, font='Arial', fontFiles=[], height=0.05, italic=False, languageStyle='LTR', name='text', opacity=1, ori=0.0, pos=array([0., 0.]), rgb=UNKNOWN, text=str(...), units='height', win=Window(...), wrapWidth=1)
16.5649 	EXP 	Created text_2 = TextStim(__class__=<class 'psychopy.visual.text.TextStim'>, alignHoriz=method-wrapper(...), alignText='center', alignVert=method-wrapper(...), anchorHoriz='center', anchorVert='center', antialias=True, autoDraw=False, autoLog=True, bold=False, color=array([1., 1., 1.]), colorSpace='rgb', contrast=1.0, depth=0.0, draggable=False, flipHoriz=False, flipVert=False, font='Arial', fontFiles=[], height=0.05, italic=False, languageStyle='LTR', name='text_2', opacity=1, ori=0.0, pos=array([0., 0.]), rgb=UNKNOWN, text='', units='height', win=Window(...), wrapWidth=1)
0.0221 	INFO 	Keyboard events cleared
0.0216 	EXP 	Welcome: autoDraw = True
4.3128 	DATA 	Keypress: space
4.3193 	INFO 	Keyboard events cleared
4.3188 	EXP 	Welcome: autoDraw = False
4.3188 	EXP 	textInstructions: autoDraw = True
4.5433 	EXP 	Imported C:/Users/mssaa/Downloads/worditem - Sheet1.csv as conditions, 6 conditions, 2 params
4.5438 	EXP 	New trial (rep=0, index=0): <Trial 0 (0 in rep 0) data={'WordItem': 'content', 'WordColor': 'yellow', 'thisN': 0, 'thisTrialN': 0, 'thisRepN': 0}>
4.5480 	DATA 	Keypress: space
4.5521 	EXP 	textInstructions: autoDraw = False
4.5521 	EXP 	textStudytrail: foreColor = <psychopy.colors.Color: yellow, alpha=1.0>
4.5521 	EXP 	textStudytrail: height = 0.05
4.5521 	EXP 	textStudytrail: height = 0.05
4.5521 	EXP 	textStudytrail: height = 0.05
4.5521 	EXP 	textStudytrail: text = 'content'
4.5521 	EXP 	textStudytrail: autoDraw = True
4.8207 	DATA 	Keypress: space
6.5528 	EXP 	textStudytrail: autoDraw = False
6.5528 	EXP 	textStudytrail: autoDraw = False
6.5528 	EXP 	textBlank: autoDraw = True
7.0371 	EXP 	New trial (rep=0, index=1): <Trial 1 (1 in rep 0) data={'WordItem': 'depression', 'WordColor': 'blue', 'thisN': 1, 'thisTrialN': 1, 'thisRepN': 0}>
7.0514 	EXP 	textBlank: autoDraw = False
7.0514 	EXP 	textBlank: autoDraw = False
7.0514 	EXP 	textStudytrail: foreColor = <psychopy.colors.Color: blue, alpha=1.0>
7.0514 	EXP 	textStudytrail: height = 0.05
7.0514 	EXP 	textStudytrail: height = 0.05
7.0514 	EXP 	textStudytrail: height = 0.05
7.0514 	EXP 	textStudytrail: text = 'depression'
7.0514 	EXP 	textStudytrail: autoDraw = True
9.0515 	EXP 	textStudytrail: autoDraw = False
9.0515 	EXP 	textStudytrail: autoDraw = False
9.0515 	EXP 	textBlank: autoDraw = True
9.5356 	EXP 	New trial (rep=0, index=2): <Trial 2 (2 in rep 0) data={'WordItem': 'anxiety', 'WordColor': 'blue', 'thisN': 2, 'thisTrialN': 2, 'thisRepN': 0}>
9.5502 	EXP 	textBlank: autoDraw = False
9.5502 	EXP 	textBlank: autoDraw = False
9.5502 	EXP 	textStudytrail: foreColor = <psychopy.colors.Color: blue, alpha=1.0>
9.5502 	EXP 	textStudytrail: height = 0.05
9.5502 	EXP 	textStudytrail: height = 0.05
9.5502 	EXP 	textStudytrail: height = 0.05
9.5502 	EXP 	textStudytrail: text = 'anxiety'
9.5502 	EXP 	textStudytrail: autoDraw = True
11.5507 	EXP 	textStudytrail: autoDraw = False
11.5507 	EXP 	textStudytrail: autoDraw = False
11.5507 	EXP 	textBlank: autoDraw = True
12.0340 	EXP 	New trial (rep=0, index=3): <Trial 3 (3 in rep 0) data={'WordItem': 'excited ', 'WordColor': 'yellow', 'thisN': 3, 'thisTrialN': 3, 'thisRepN': 0}>
12.0493 	EXP 	textBlank: autoDraw = False
12.0493 	EXP 	textBlank: autoDraw = False
12.0493 	EXP 	textStudytrail: foreColor = <psychopy.colors.Color: yellow, alpha=1.0>
12.0493 	EXP 	textStudytrail: height = 0.05
12.0493 	EXP 	textStudytrail: height = 0.05
12.0493 	EXP 	textStudytrail: height = 0.05
12.0493 	EXP 	textStudytrail: text = 'excited '
12.0493 	EXP 	textStudytrail: autoDraw = True
14.0494 	EXP 	textStudytrail: autoDraw = False
14.0494 	EXP 	textStudytrail: autoDraw = False
14.0494 	EXP 	textBlank: autoDraw = True
14.5331 	EXP 	New trial (rep=0, index=4): <Trial 4 (4 in rep 0) data={'WordItem': 'joyous', 'WordColor': 'yellow', 'thisN': 4, 'thisTrialN': 4, 'thisRepN': 0}>
14.5484 	EXP 	textBlank: autoDraw = False
14.5484 	EXP 	textBlank: autoDraw = False
14.5484 	EXP 	textStudytrail: foreColor = <psychopy.colors.Color: yellow, alpha=1.0>
14.5484 	EXP 	textStudytrail: height = 0.05
14.5484 	EXP 	textStudytrail: height = 0.05
14.5484 	EXP 	textStudytrail: height = 0.05
14.5484 	EXP 	textStudytrail: text = 'joyous'
14.5484 	EXP 	textStudytrail: autoDraw = True
16.5488 	EXP 	textStudytrail: autoDraw = False
16.5488 	EXP 	textStudytrail: autoDraw = False
16.5488 	EXP 	textBlank: autoDraw = True
17.0322 	EXP 	New trial (rep=0, index=5): <Trial 5 (5 in rep 0) data={'WordItem': 'vexed', 'WordColor': 'blue', 'thisN': 5, 'thisTrialN': 5, 'thisRepN': 0}>
17.0475 	EXP 	textBlank: autoDraw = False
17.0475 	EXP 	textBlank: autoDraw = False
17.0475 	EXP 	textStudytrail: foreColor = <psychopy.colors.Color: blue, alpha=1.0>
17.0475 	EXP 	textStudytrail: height = 0.05
17.0475 	EXP 	textStudytrail: height = 0.05
17.0475 	EXP 	textStudytrail: height = 0.05
17.0475 	EXP 	textStudytrail: text = 'vexed'
17.0475 	EXP 	textStudytrail: autoDraw = True
19.0465 	EXP 	textStudytrail: autoDraw = False
19.0465 	EXP 	textStudytrail: autoDraw = False
19.0465 	EXP 	textBlank: autoDraw = True
19.5311 	EXP 	New trial (rep=1, index=0): <Trial 6 (0 in rep 1) data={'WordItem': 'content', 'WordColor': 'yellow', 'thisN': 6, 'thisTrialN': 0, 'thisRepN': 1}>
19.5462 	EXP 	textBlank: autoDraw = False
19.5462 	EXP 	textBlank: autoDraw = False
19.5462 	EXP 	textStudytrail: foreColor = <psychopy.colors.Color: yellow, alpha=1.0>
19.5462 	EXP 	textStudytrail: height = 0.05
19.5462 	EXP 	textStudytrail: height = 0.05
19.5462 	EXP 	textStudytrail: height = 0.05
19.5462 	EXP 	textStudytrail: text = 'content'
19.5462 	EXP 	textStudytrail: autoDraw = True
21.5459 	EXP 	textStudytrail: autoDraw = False
21.5459 	EXP 	textStudytrail: autoDraw = False
21.5459 	EXP 	textBlank: autoDraw = True
22.0297 	EXP 	New trial (rep=1, index=1): <Trial 7 (1 in rep 1) data={'WordItem': 'depression', 'WordColor': 'blue', 'thisN': 7, 'thisTrialN': 1, 'thisRepN': 1}>
22.0454 	EXP 	textBlank: autoDraw = False
22.0454 	EXP 	textBlank: autoDraw = False
22.0454 	EXP 	textStudytrail: foreColor = <psychopy.colors.Color: blue, alpha=1.0>
22.0454 	EXP 	textStudytrail: height = 0.05
22.0454 	EXP 	textStudytrail: height = 0.05
22.0454 	EXP 	textStudytrail: height = 0.05
22.0454 	EXP 	textStudytrail: text = 'depression'
22.0454 	EXP 	textStudytrail: autoDraw = True
24.0453 	EXP 	textStudytrail: autoDraw = False
24.0453 	EXP 	textStudytrail: autoDraw = False
24.0453 	EXP 	textBlank: autoDraw = True
24.5295 	EXP 	New trial (rep=1, index=2): <Trial 8 (2 in rep 1) data={'WordItem': 'joyous', 'WordColor': 'yellow', 'thisN': 8, 'thisTrialN': 2, 'thisRepN': 1}>
24.5439 	EXP 	textBlank: autoDraw = False
24.5439 	EXP 	textBlank: autoDraw = False
24.5439 	EXP 	textStudytrail: foreColor = <psychopy.colors.Color: yellow, alpha=1.0>
24.5439 	EXP 	textStudytrail: height = 0.05
24.5439 	EXP 	textStudytrail: height = 0.05
24.5439 	EXP 	textStudytrail: height = 0.05
24.5439 	EXP 	textStudytrail: text = 'joyous'
24.5439 	EXP 	textStudytrail: autoDraw = True
26.5435 	EXP 	textStudytrail: autoDraw = False
26.5435 	EXP 	textStudytrail: autoDraw = False
26.5435 	EXP 	textBlank: autoDraw = True
27.0280 	EXP 	New trial (rep=1, index=3): <Trial 9 (3 in rep 1) data={'WordItem': 'excited ', 'WordColor': 'yellow', 'thisN': 9, 'thisTrialN': 3, 'thisRepN': 1}>
27.0433 	EXP 	textBlank: autoDraw = False
27.0433 	EXP 	textBlank: autoDraw = False
27.0433 	EXP 	textStudytrail: foreColor = <psychopy.colors.Color: yellow, alpha=1.0>
27.0433 	EXP 	textStudytrail: height = 0.05
27.0433 	EXP 	textStudytrail: height = 0.05
27.0433 	EXP 	textStudytrail: height = 0.05
27.0433 	EXP 	textStudytrail: text = 'excited '
27.0433 	EXP 	textStudytrail: autoDraw = True
29.0426 	EXP 	textStudytrail: autoDraw = False
29.0426 	EXP 	textStudytrail: autoDraw = False
29.0426 	EXP 	textBlank: autoDraw = True
29.5273 	EXP 	New trial (rep=1, index=4): <Trial 10 (4 in rep 1) data={'WordItem': 'anxiety', 'WordColor': 'blue', 'thisN': 10, 'thisTrialN': 4, 'thisRepN': 1}>
29.5414 	EXP 	textBlank: autoDraw = False
29.5414 	EXP 	textBlank: autoDraw = False
29.5414 	EXP 	textStudytrail: foreColor = <psychopy.colors.Color: blue, alpha=1.0>
29.5414 	EXP 	textStudytrail: height = 0.05
29.5414 	EXP 	textStudytrail: height = 0.05
29.5414 	EXP 	textStudytrail: height = 0.05
29.5414 	EXP 	textStudytrail: text = 'anxiety'
29.5414 	EXP 	textStudytrail: autoDraw = True
31.5412 	EXP 	textStudytrail: autoDraw = False
31.5412 	EXP 	textStudytrail: autoDraw = False
31.5412 	EXP 	textBlank: autoDraw = True
32.0260 	EXP 	New trial (rep=1, index=5): <Trial 11 (5 in rep 1) data={'WordItem': 'vexed', 'WordColor': 'blue', 'thisN': 11, 'thisTrialN': 5, 'thisRepN': 1}>
32.0404 	EXP 	textBlank: autoDraw = False
32.0404 	EXP 	textBlank: autoDraw = False
32.0404 	EXP 	textStudytrail: foreColor = <psychopy.colors.Color: blue, alpha=1.0>
32.0404 	EXP 	textStudytrail: height = 0.05
32.0404 	EXP 	textStudytrail: height = 0.05
32.0404 	EXP 	textStudytrail: height = 0.05
32.0404 	EXP 	textStudytrail: text = 'vexed'
32.0404 	EXP 	textStudytrail: autoDraw = True
34.0409 	EXP 	textStudytrail: autoDraw = False
34.0409 	EXP 	textStudytrail: autoDraw = False
34.0409 	EXP 	textBlank: autoDraw = True
34.5252 	EXP 	New trial (rep=2, index=0): <Trial 12 (0 in rep 2) data={'WordItem': 'content', 'WordColor': 'yellow', 'thisN': 12, 'thisTrialN': 0, 'thisRepN': 2}>
34.5395 	EXP 	textBlank: autoDraw = False
34.5395 	EXP 	textBlank: autoDraw = False
34.5395 	EXP 	textStudytrail: foreColor = <psychopy.colors.Color: yellow, alpha=1.0>
34.5395 	EXP 	textStudytrail: height = 0.05
34.5395 	EXP 	textStudytrail: height = 0.05
34.5395 	EXP 	textStudytrail: height = 0.05
34.5395 	EXP 	textStudytrail: text = 'content'
34.5395 	EXP 	textStudytrail: autoDraw = True
36.5394 	EXP 	textStudytrail: autoDraw = False
36.5394 	EXP 	textStudytrail: autoDraw = False
36.5394 	EXP 	textBlank: autoDraw = True
37.0236 	EXP 	New trial (rep=2, index=1): <Trial 13 (1 in rep 2) data={'WordItem': 'excited ', 'WordColor': 'yellow', 'thisN': 13, 'thisTrialN': 1, 'thisRepN': 2}>
37.0384 	EXP 	textBlank: autoDraw = False
37.0384 	EXP 	textBlank: autoDraw = False
37.0384 	EXP 	textStudytrail: foreColor = <psychopy.colors.Color: yellow, alpha=1.0>
37.0384 	EXP 	textStudytrail: height = 0.05
37.0384 	EXP 	textStudytrail: height = 0.05
37.0384 	EXP 	textStudytrail: height = 0.05
37.0384 	EXP 	textStudytrail: text = 'excited '
37.0384 	EXP 	textStudytrail: autoDraw = True
39.0386 	EXP 	textStudytrail: autoDraw = False
39.0386 	EXP 	textStudytrail: autoDraw = False
39.0386 	EXP 	textBlank: autoDraw = True
39.5226 	EXP 	New trial (rep=2, index=2): <Trial 14 (2 in rep 2) data={'WordItem': 'vexed', 'WordColor': 'blue', 'thisN': 14, 'thisTrialN': 2, 'thisRepN': 2}>
39.5375 	EXP 	textBlank: autoDraw = False
39.5375 	EXP 	textBlank: autoDraw = False
39.5375 	EXP 	textStudytrail: foreColor = <psychopy.colors.Color: blue, alpha=1.0>
39.5375 	EXP 	textStudytrail: height = 0.05
39.5375 	EXP 	textStudytrail: height = 0.05
39.5375 	EXP 	textStudytrail: height = 0.05
39.5375 	EXP 	textStudytrail: text = 'vexed'
39.5375 	EXP 	textStudytrail: autoDraw = True
41.5374 	EXP 	textStudytrail: autoDraw = False
41.5374 	EXP 	textStudytrail: autoDraw = False
41.5374 	EXP 	textBlank: autoDraw = True
42.0214 	EXP 	New trial (rep=2, index=3): <Trial 15 (3 in rep 2) data={'WordItem': 'anxiety', 'WordColor': 'blue', 'thisN': 15, 'thisTrialN': 3, 'thisRepN': 2}>
42.0361 	EXP 	textBlank: autoDraw = False
42.0361 	EXP 	textBlank: autoDraw = False
42.0361 	EXP 	textStudytrail: foreColor = <psychopy.colors.Color: blue, alpha=1.0>
42.0361 	EXP 	textStudytrail: height = 0.05
42.0361 	EXP 	textStudytrail: height = 0.05
42.0361 	EXP 	textStudytrail: height = 0.05
42.0361 	EXP 	textStudytrail: text = 'anxiety'
42.0361 	EXP 	textStudytrail: autoDraw = True
44.0363 	EXP 	textStudytrail: autoDraw = False
44.0363 	EXP 	textStudytrail: autoDraw = False
44.0533 	EXP 	textBlank: autoDraw = True
44.5373 	EXP 	New trial (rep=2, index=4): <Trial 16 (4 in rep 2) data={'WordItem': 'depression', 'WordColor': 'blue', 'thisN': 16, 'thisTrialN': 4, 'thisRepN': 2}>
44.5517 	EXP 	textBlank: autoDraw = False
44.5517 	EXP 	textBlank: autoDraw = False
44.5517 	EXP 	textStudytrail: foreColor = <psychopy.colors.Color: blue, alpha=1.0>
44.5517 	EXP 	textStudytrail: height = 0.05
44.5517 	EXP 	textStudytrail: height = 0.05
44.5517 	EXP 	textStudytrail: height = 0.05
44.5517 	EXP 	textStudytrail: text = 'depression'
44.5517 	EXP 	textStudytrail: autoDraw = True
46.5513 	EXP 	textStudytrail: autoDraw = False
46.5513 	EXP 	textStudytrail: autoDraw = False
46.5513 	EXP 	textBlank: autoDraw = True
47.0357 	EXP 	New trial (rep=2, index=5): <Trial 17 (5 in rep 2) data={'WordItem': 'joyous', 'WordColor': 'yellow', 'thisN': 17, 'thisTrialN': 5, 'thisRepN': 2}>
47.0506 	EXP 	textBlank: autoDraw = False
47.0506 	EXP 	textBlank: autoDraw = False
47.0506 	EXP 	textStudytrail: foreColor = <psychopy.colors.Color: yellow, alpha=1.0>
47.0506 	EXP 	textStudytrail: height = 0.05
47.0506 	EXP 	textStudytrail: height = 0.05
47.0506 	EXP 	textStudytrail: height = 0.05
47.0506 	EXP 	textStudytrail: text = 'joyous'
47.0506 	EXP 	textStudytrail: autoDraw = True
49.0511 	EXP 	textStudytrail: autoDraw = False
49.0511 	EXP 	textStudytrail: autoDraw = False
49.0511 	EXP 	textBlank: autoDraw = True
49.5350 	EXP 	New trial (rep=3, index=0): <Trial 18 (0 in rep 3) data={'WordItem': 'anxiety', 'WordColor': 'blue', 'thisN': 18, 'thisTrialN': 0, 'thisRepN': 3}>
49.5496 	EXP 	textBlank: autoDraw = False
49.5496 	EXP 	textBlank: autoDraw = False
49.5496 	EXP 	textStudytrail: foreColor = <psychopy.colors.Color: blue, alpha=1.0>
49.5496 	EXP 	textStudytrail: height = 0.05
49.5496 	EXP 	textStudytrail: height = 0.05
49.5496 	EXP 	textStudytrail: height = 0.05
49.5496 	EXP 	textStudytrail: text = 'anxiety'
49.5496 	EXP 	textStudytrail: autoDraw = True
51.5502 	EXP 	textStudytrail: autoDraw = False
51.5502 	EXP 	textStudytrail: autoDraw = False
51.5502 	EXP 	textBlank: autoDraw = True
52.0339 	EXP 	New trial (rep=3, index=1): <Trial 19 (1 in rep 3) data={'WordItem': 'excited ', 'WordColor': 'yellow', 'thisN': 19, 'thisTrialN': 1, 'thisRepN': 3}>
52.0487 	EXP 	textBlank: autoDraw = False
52.0487 	EXP 	textBlank: autoDraw = False
52.0487 	EXP 	textStudytrail: foreColor = <psychopy.colors.Color: yellow, alpha=1.0>
52.0487 	EXP 	textStudytrail: height = 0.05
52.0487 	EXP 	textStudytrail: height = 0.05
52.0487 	EXP 	textStudytrail: height = 0.05
52.0487 	EXP 	textStudytrail: text = 'excited '
52.0487 	EXP 	textStudytrail: autoDraw = True
54.0490 	EXP 	textStudytrail: autoDraw = False
54.0490 	EXP 	textStudytrail: autoDraw = False
54.0490 	EXP 	textBlank: autoDraw = True
54.5328 	EXP 	New trial (rep=3, index=2): <Trial 20 (2 in rep 3) data={'WordItem': 'vexed', 'WordColor': 'blue', 'thisN': 20, 'thisTrialN': 2, 'thisRepN': 3}>
54.5474 	EXP 	textBlank: autoDraw = False
54.5474 	EXP 	textBlank: autoDraw = False
54.5474 	EXP 	textStudytrail: foreColor = <psychopy.colors.Color: blue, alpha=1.0>
54.5474 	EXP 	textStudytrail: height = 0.05
54.5474 	EXP 	textStudytrail: height = 0.05
54.5474 	EXP 	textStudytrail: height = 0.05
54.5474 	EXP 	textStudytrail: text = 'vexed'
54.5474 	EXP 	textStudytrail: autoDraw = True
56.5481 	EXP 	textStudytrail: autoDraw = False
56.5481 	EXP 	textStudytrail: autoDraw = False
56.5481 	EXP 	textBlank: autoDraw = True
57.0481 	EXP 	New trial (rep=3, index=3): <Trial 21 (3 in rep 3) data={'WordItem': 'depression', 'WordColor': 'blue', 'thisN': 21, 'thisTrialN': 3, 'thisRepN': 3}>
57.0633 	EXP 	textBlank: autoDraw = False
57.0633 	EXP 	textStudytrail: foreColor = <psychopy.colors.Color: blue, alpha=1.0>
57.0633 	EXP 	textStudytrail: height = 0.05
57.0633 	EXP 	textStudytrail: height = 0.05
57.0633 	EXP 	textStudytrail: height = 0.05
57.0633 	EXP 	textStudytrail: text = 'depression'
57.0633 	EXP 	textStudytrail: autoDraw = True
59.0629 	EXP 	textStudytrail: autoDraw = False
59.0629 	EXP 	textBlank: autoDraw = True
59.5463 	EXP 	New trial (rep=3, index=4): <Trial 22 (4 in rep 3) data={'WordItem': 'joyous', 'WordColor': 'yellow', 'thisN': 22, 'thisTrialN': 4, 'thisRepN': 3}>
59.5618 	EXP 	textBlank: autoDraw = False
59.5618 	EXP 	textStudytrail: foreColor = <psychopy.colors.Color: yellow, alpha=1.0>
59.5618 	EXP 	textStudytrail: height = 0.05
59.5618 	EXP 	textStudytrail: height = 0.05
59.5618 	EXP 	textStudytrail: height = 0.05
59.5618 	EXP 	textStudytrail: text = 'joyous'
59.5618 	EXP 	textStudytrail: autoDraw = True
61.5623 	EXP 	textStudytrail: autoDraw = False
61.5623 	EXP 	textBlank: autoDraw = True
62.0453 	EXP 	New trial (rep=3, index=5): <Trial 23 (5 in rep 3) data={'WordItem': 'content', 'WordColor': 'yellow', 'thisN': 23, 'thisTrialN': 5, 'thisRepN': 3}>
62.0608 	EXP 	textBlank: autoDraw = False
62.0608 	EXP 	textStudytrail: foreColor = <psychopy.colors.Color: yellow, alpha=1.0>
62.0608 	EXP 	textStudytrail: height = 0.05
62.0608 	EXP 	textStudytrail: height = 0.05
62.0608 	EXP 	textStudytrail: height = 0.05
62.0608 	EXP 	textStudytrail: text = 'content'
62.0608 	EXP 	textStudytrail: autoDraw = True
64.0612 	EXP 	textStudytrail: autoDraw = False
64.0612 	EXP 	textBlank: autoDraw = True
64.5445 	EXP 	New trial (rep=4, index=0): <Trial 24 (0 in rep 4) data={'WordItem': 'content', 'WordColor': 'yellow', 'thisN': 24, 'thisTrialN': 0, 'thisRepN': 4}>
64.5608 	EXP 	textBlank: autoDraw = False
64.5608 	EXP 	textStudytrail: foreColor = <psychopy.colors.Color: yellow, alpha=1.0>
64.5608 	EXP 	textStudytrail: text = 'content'
64.5608 	EXP 	textStudytrail: autoDraw = True
66.5596 	EXP 	textStudytrail: autoDraw = False
66.5596 	EXP 	textBlank: autoDraw = True
67.0434 	EXP 	New trial (rep=4, index=1): <Trial 25 (1 in rep 4) data={'WordItem': 'depression', 'WordColor': 'blue', 'thisN': 25, 'thisTrialN': 1, 'thisRepN': 4}>
67.0585 	EXP 	textBlank: autoDraw = False
67.0585 	EXP 	textStudytrail: foreColor = <psychopy.colors.Color: blue, alpha=1.0>
67.0585 	EXP 	textStudytrail: height = 0.05
67.0585 	EXP 	textStudytrail: height = 0.05
67.0585 	EXP 	textStudytrail: height = 0.05
67.0585 	EXP 	textStudytrail: text = 'depression'
67.0585 	EXP 	textStudytrail: autoDraw = True
69.0586 	EXP 	textStudytrail: autoDraw = False
69.0586 	EXP 	textBlank: autoDraw = True
69.5428 	EXP 	New trial (rep=4, index=2): <Trial 26 (2 in rep 4) data={'WordItem': 'vexed', 'WordColor': 'blue', 'thisN': 26, 'thisTrialN': 2, 'thisRepN': 4}>
69.5578 	EXP 	textBlank: autoDraw = False
69.5578 	EXP 	textStudytrail: foreColor = <psychopy.colors.Color: blue, alpha=1.0>
69.5578 	EXP 	textStudytrail: height = 0.05
69.5578 	EXP 	textStudytrail: height = 0.05
69.5578 	EXP 	textStudytrail: height = 0.05
69.5578 	EXP 	textStudytrail: text = 'vexed'
69.5578 	EXP 	textStudytrail: autoDraw = True
71.5576 	EXP 	textStudytrail: autoDraw = False
71.5576 	EXP 	textBlank: autoDraw = True
72.0410 	EXP 	New trial (rep=4, index=3): <Trial 27 (3 in rep 4) data={'WordItem': 'joyous', 'WordColor': 'yellow', 'thisN': 27, 'thisTrialN': 3, 'thisRepN': 4}>
72.0565 	EXP 	textBlank: autoDraw = False
72.0565 	EXP 	textStudytrail: foreColor = <psychopy.colors.Color: yellow, alpha=1.0>
72.0565 	EXP 	textStudytrail: height = 0.05
72.0565 	EXP 	textStudytrail: height = 0.05
72.0565 	EXP 	textStudytrail: height = 0.05
72.0565 	EXP 	textStudytrail: text = 'joyous'
72.0565 	EXP 	textStudytrail: autoDraw = True
74.0561 	EXP 	textStudytrail: autoDraw = False
74.0561 	EXP 	textBlank: autoDraw = True
74.5399 	EXP 	New trial (rep=4, index=4): <Trial 28 (4 in rep 4) data={'WordItem': 'anxiety', 'WordColor': 'blue', 'thisN': 28, 'thisTrialN': 4, 'thisRepN': 4}>
74.5555 	EXP 	textBlank: autoDraw = False
74.5555 	EXP 	textStudytrail: foreColor = <psychopy.colors.Color: blue, alpha=1.0>
74.5555 	EXP 	textStudytrail: height = 0.05
74.5555 	EXP 	textStudytrail: height = 0.05
74.5555 	EXP 	textStudytrail: height = 0.05
74.5555 	EXP 	textStudytrail: text = 'anxiety'
74.5555 	EXP 	textStudytrail: autoDraw = True
76.5548 	EXP 	textStudytrail: autoDraw = False
76.5548 	EXP 	textBlank: autoDraw = True
77.0391 	EXP 	New trial (rep=4, index=5): <Trial 29 (5 in rep 4) data={'WordItem': 'excited ', 'WordColor': 'yellow', 'thisN': 29, 'thisTrialN': 5, 'thisRepN': 4}>
77.0539 	EXP 	textBlank: autoDraw = False
77.0539 	EXP 	textStudytrail: foreColor = <psychopy.colors.Color: yellow, alpha=1.0>
77.0539 	EXP 	textStudytrail: height = 0.05
77.0539 	EXP 	textStudytrail: height = 0.05
77.0539 	EXP 	textStudytrail: height = 0.05
77.0539 	EXP 	textStudytrail: text = 'excited '
77.0539 	EXP 	textStudytrail: autoDraw = True
79.0551 	EXP 	textStudytrail: autoDraw = False
79.0551 	EXP 	textStudytrail: autoDraw = False
79.0551 	EXP 	textBlank: autoDraw = True
79.5715 	INFO 	Keyboard events cleared
79.5708 	EXP 	textBlank: autoDraw = False
79.5708 	EXP 	textWaitScreen: autoDraw = True
99.0659 	DATA 	Keypress: space
99.0786 	INFO 	Keyboard events cleared
99.0780 	EXP 	textWaitScreen: autoDraw = False
99.0780 	EXP 	text: autoDraw = True
99.9505 	EXP 	Imported C:/Users/mssaa/Downloads/worditem - Sheet1.csv as conditions, 12 conditions, 2 params
99.9510 	EXP 	New trial (rep=0, index=0): <Trial 0 (0 in rep 0) data={'WordItem': 'vexed', 'WordColor': 'blue', 'thisN': 0, 'thisTrialN': 0, 'thisRepN': 0}>
99.9556 	DATA 	Keypress: space
99.9610 	INFO 	Keyboard events cleared
99.9606 	EXP 	text: autoDraw = False
99.9606 	EXP 	text_2: height = 0.05
99.9606 	EXP 	text_2: height = 0.05
99.9606 	EXP 	text_2: height = 0.05
99.9606 	EXP 	text_2: text = 'vexed'
99.9606 	EXP 	text_2: autoDraw = True
100.9954 	EXP 	New trial (rep=0, index=1): <Trial 1 (1 in rep 0) data={'WordItem': 'anxiety', 'WordColor': 'blue', 'thisN': 1, 'thisTrialN': 1, 'thisRepN': 0}>
100.9988 	DATA 	Keypress: y
101.0108 	INFO 	Keyboard events cleared
101.0102 	EXP 	text_2: autoDraw = False
101.0102 	EXP 	text_2: height = 0.05
101.0102 	EXP 	text_2: height = 0.05
101.0102 	EXP 	text_2: height = 0.05
101.0102 	EXP 	text_2: text = 'anxiety'
101.0102 	EXP 	text_2: autoDraw = True
101.4950 	EXP 	New trial (rep=0, index=2): <Trial 2 (2 in rep 0) data={'WordItem': 'joyous', 'WordColor': 'yellow', 'thisN': 2, 'thisTrialN': 2, 'thisRepN': 0}>
101.4989 	DATA 	Keypress: y
101.5103 	INFO 	Keyboard events cleared
101.5100 	EXP 	text_2: autoDraw = False
101.5100 	EXP 	text_2: height = 0.05
101.5100 	EXP 	text_2: height = 0.05
101.5100 	EXP 	text_2: height = 0.05
101.5100 	EXP 	text_2: text = 'joyous'
101.5100 	EXP 	text_2: autoDraw = True
101.9450 	EXP 	New trial (rep=0, index=3): <Trial 3 (3 in rep 0) data={'WordItem': 'excited ', 'WordColor': 'yellow', 'thisN': 3, 'thisTrialN': 3, 'thisRepN': 0}>
101.9484 	DATA 	Keypress: y
101.9601 	INFO 	Keyboard events cleared
101.9596 	EXP 	text_2: autoDraw = False
101.9596 	EXP 	text_2: height = 0.05
101.9596 	EXP 	text_2: height = 0.05
101.9596 	EXP 	text_2: height = 0.05
101.9596 	EXP 	text_2: text = 'excited '
101.9596 	EXP 	text_2: autoDraw = True
102.3612 	EXP 	New trial (rep=0, index=4): <Trial 4 (4 in rep 0) data={'WordItem': 'aggravated', 'WordColor': None, 'thisN': 4, 'thisTrialN': 4, 'thisRepN': 0}>
102.3647 	DATA 	Keypress: y
102.3769 	INFO 	Keyboard events cleared
102.3765 	EXP 	text_2: autoDraw = False
102.3765 	EXP 	text_2: height = 0.05
102.3765 	EXP 	text_2: height = 0.05
102.3765 	EXP 	text_2: height = 0.05
102.3765 	EXP 	text_2: text = 'aggravated'
102.3765 	EXP 	text_2: autoDraw = True
103.6962 	DATA 	Keypress: n
103.7112 	EXP 	New trial (rep=0, index=5): <Trial 5 (5 in rep 0) data={'WordItem': 'depression', 'WordColor': 'blue', 'thisN': 5, 'thisTrialN': 5, 'thisRepN': 0}>
103.7268 	INFO 	Keyboard events cleared
103.7263 	EXP 	text_2: autoDraw = False
103.7263 	EXP 	text_2: height = 0.05
103.7263 	EXP 	text_2: height = 0.05
103.7263 	EXP 	text_2: height = 0.05
103.7263 	EXP 	text_2: text = 'depression'
103.7263 	EXP 	text_2: autoDraw = True
104.4452 	EXP 	New trial (rep=0, index=6): <Trial 6 (6 in rep 0) data={'WordItem': 'ashamed', 'WordColor': None, 'thisN': 6, 'thisTrialN': 6, 'thisRepN': 0}>
104.4487 	DATA 	Keypress: y
104.4592 	INFO 	Keyboard events cleared
104.4588 	EXP 	text_2: autoDraw = False
104.4588 	EXP 	text_2: height = 0.05
104.4588 	EXP 	text_2: height = 0.05
104.4588 	EXP 	text_2: height = 0.05
104.4588 	EXP 	text_2: text = 'ashamed'
104.4588 	EXP 	text_2: autoDraw = True
104.8275 	EXP 	New trial (rep=0, index=7): <Trial 7 (7 in rep 0) data={'WordItem': 'jealous', 'WordColor': None, 'thisN': 7, 'thisTrialN': 7, 'thisRepN': 0}>
104.8312 	DATA 	Keypress: y
104.8421 	INFO 	Keyboard events cleared
104.8418 	EXP 	text_2: autoDraw = False
104.8418 	EXP 	text_2: height = 0.05
104.8418 	EXP 	text_2: height = 0.05
104.8418 	EXP 	text_2: height = 0.05
104.8418 	EXP 	text_2: text = 'jealous'
104.8418 	EXP 	text_2: autoDraw = True
105.1277 	EXP 	New trial (rep=0, index=8): <Trial 8 (8 in rep 0) data={'WordItem': 'fascinated', 'WordColor': None, 'thisN': 8, 'thisTrialN': 8, 'thisRepN': 0}>
105.1318 	DATA 	Keypress: y
105.1423 	INFO 	Keyboard events cleared
105.1420 	EXP 	text_2: autoDraw = False
105.1420 	EXP 	text_2: height = 0.05
105.1420 	EXP 	text_2: height = 0.05
105.1420 	EXP 	text_2: height = 0.05
105.1420 	EXP 	text_2: text = 'fascinated'
105.1420 	EXP 	text_2: autoDraw = True
105.4446 	EXP 	New trial (rep=0, index=9): <Trial 9 (9 in rep 0) data={'WordItem': 'delighted', 'WordColor': None, 'thisN': 9, 'thisTrialN': 9, 'thisRepN': 0}>
105.4483 	DATA 	Keypress: y
105.4587 	INFO 	Keyboard events cleared
105.4583 	EXP 	text_2: autoDraw = False
105.4583 	EXP 	text_2: height = 0.05
105.4583 	EXP 	text_2: height = 0.05
105.4583 	EXP 	text_2: height = 0.05
105.4583 	EXP 	text_2: text = 'delighted'
105.4583 	EXP 	text_2: autoDraw = True
105.8600 	EXP 	New trial (rep=0, index=10): <Trial 10 (10 in rep 0) data={'WordItem': 'content', 'WordColor': 'yellow', 'thisN': 10, 'thisTrialN': 10, 'thisRepN': 0}>
105.8629 	DATA 	Keypress: y
105.8750 	INFO 	Keyboard events cleared
105.8747 	EXP 	text_2: autoDraw = False
105.8747 	EXP 	text_2: height = 0.05
105.8747 	EXP 	text_2: height = 0.05
105.8747 	EXP 	text_2: height = 0.05
105.8747 	EXP 	text_2: text = 'content'
105.8747 	EXP 	text_2: autoDraw = True
106.1763 	EXP 	New trial (rep=0, index=11): <Trial 11 (11 in rep 0) data={'WordItem': 'calm', 'WordColor': None, 'thisN': 11, 'thisTrialN': 11, 'thisRepN': 0}>
106.1792 	DATA 	Keypress: y
106.1918 	INFO 	Keyboard events cleared
106.1913 	EXP 	text_2: autoDraw = False
106.1913 	EXP 	text_2: height = 0.05
106.1913 	EXP 	text_2: height = 0.05
106.1913 	EXP 	text_2: height = 0.05
106.1913 	EXP 	text_2: text = 'calm'
106.1913 	EXP 	text_2: autoDraw = True
106.5596 	EXP 	New trial (rep=1, index=0): <Trial 12 (0 in rep 1) data={'WordItem': 'aggravated', 'WordColor': None, 'thisN': 12, 'thisTrialN': 0, 'thisRepN': 1}>
106.5632 	DATA 	Keypress: y
106.5748 	INFO 	Keyboard events cleared
106.5745 	EXP 	text_2: autoDraw = False
106.5745 	EXP 	text_2: height = 0.05
106.5745 	EXP 	text_2: height = 0.05
106.5745 	EXP 	text_2: height = 0.05
106.5745 	EXP 	text_2: text = 'aggravated'
106.5745 	EXP 	text_2: autoDraw = True
107.5923 	EXP 	New trial (rep=1, index=1): <Trial 13 (1 in rep 1) data={'WordItem': 'anxiety', 'WordColor': 'blue', 'thisN': 13, 'thisTrialN': 1, 'thisRepN': 1}>
107.5955 	DATA 	Keypress: n
107.6079 	INFO 	Keyboard events cleared
107.6074 	EXP 	text_2: autoDraw = False
107.6074 	EXP 	text_2: height = 0.05
107.6074 	EXP 	text_2: height = 0.05
107.6074 	EXP 	text_2: height = 0.05
107.6074 	EXP 	text_2: text = 'anxiety'
107.6074 	EXP 	text_2: autoDraw = True
109.2759 	EXP 	New trial (rep=1, index=2): <Trial 14 (2 in rep 1) data={'WordItem': 'depression', 'WordColor': 'blue', 'thisN': 14, 'thisTrialN': 2, 'thisRepN': 1}>
109.2797 	DATA 	Keypress: y
109.2902 	INFO 	Keyboard events cleared
109.2898 	EXP 	text_2: autoDraw = False
109.2898 	EXP 	text_2: height = 0.05
109.2898 	EXP 	text_2: height = 0.05
109.2898 	EXP 	text_2: height = 0.05
109.2898 	EXP 	text_2: text = 'depression'
109.2898 	EXP 	text_2: autoDraw = True
109.7250 	EXP 	New trial (rep=1, index=3): <Trial 15 (3 in rep 1) data={'WordItem': 'content', 'WordColor': 'yellow', 'thisN': 15, 'thisTrialN': 3, 'thisRepN': 1}>
109.7280 	DATA 	Keypress: y
109.7403 	INFO 	Keyboard events cleared
109.7398 	EXP 	text_2: autoDraw = False
109.7398 	EXP 	text_2: height = 0.05
109.7398 	EXP 	text_2: height = 0.05
109.7398 	EXP 	text_2: height = 0.05
109.7398 	EXP 	text_2: text = 'content'
109.7398 	EXP 	text_2: autoDraw = True
110.0578 	EXP 	New trial (rep=1, index=4): <Trial 16 (4 in rep 1) data={'WordItem': 'calm', 'WordColor': None, 'thisN': 16, 'thisTrialN': 4, 'thisRepN': 1}>
110.0611 	DATA 	Keypress: y
110.0731 	INFO 	Keyboard events cleared
110.0728 	EXP 	text_2: autoDraw = False
110.0728 	EXP 	text_2: height = 0.05
110.0728 	EXP 	text_2: height = 0.05
110.0728 	EXP 	text_2: height = 0.05
110.0728 	EXP 	text_2: text = 'calm'
110.0728 	EXP 	text_2: autoDraw = True
110.3428 	DATA 	Keypress: y
110.3581 	EXP 	New trial (rep=1, index=5): <Trial 17 (5 in rep 1) data={'WordItem': 'joyous', 'WordColor': 'yellow', 'thisN': 17, 'thisTrialN': 5, 'thisRepN': 1}>
110.3729 	INFO 	Keyboard events cleared
110.3726 	EXP 	text_2: autoDraw = False
110.3726 	EXP 	text_2: height = 0.05
110.3726 	EXP 	text_2: height = 0.05
110.3726 	EXP 	text_2: height = 0.05
110.3726 	EXP 	text_2: text = 'joyous'
110.3726 	EXP 	text_2: autoDraw = True
110.6410 	EXP 	New trial (rep=1, index=6): <Trial 18 (6 in rep 1) data={'WordItem': 'fascinated', 'WordColor': None, 'thisN': 18, 'thisTrialN': 6, 'thisRepN': 1}>
110.6446 	DATA 	Keypress: y
110.6566 	INFO 	Keyboard events cleared
110.6561 	EXP 	text_2: autoDraw = False
110.6561 	EXP 	text_2: height = 0.05
110.6561 	EXP 	text_2: height = 0.05
110.6561 	EXP 	text_2: height = 0.05
110.6561 	EXP 	text_2: text = 'fascinated'
110.6561 	EXP 	text_2: autoDraw = True
111.0242 	EXP 	New trial (rep=1, index=7): <Trial 19 (7 in rep 1) data={'WordItem': 'delighted', 'WordColor': None, 'thisN': 19, 'thisTrialN': 7, 'thisRepN': 1}>
111.0276 	DATA 	Keypress: y
111.0393 	INFO 	Keyboard events cleared
111.0390 	EXP 	text_2: autoDraw = False
111.0390 	EXP 	text_2: height = 0.05
111.0390 	EXP 	text_2: height = 0.05
111.0390 	EXP 	text_2: height = 0.05
111.0390 	EXP 	text_2: text = 'delighted'
111.0390 	EXP 	text_2: autoDraw = True
111.7744 	EXP 	New trial (rep=1, index=8): <Trial 20 (8 in rep 1) data={'WordItem': 'ashamed', 'WordColor': None, 'thisN': 20, 'thisTrialN': 8, 'thisRepN': 1}>
111.7781 	DATA 	Keypress: y
111.7896 	INFO 	Keyboard events cleared
111.7891 	EXP 	text_2: autoDraw = False
111.7891 	EXP 	text_2: height = 0.05
111.7891 	EXP 	text_2: height = 0.05
111.7891 	EXP 	text_2: height = 0.05
111.7891 	EXP 	text_2: text = 'ashamed'
111.7891 	EXP 	text_2: autoDraw = True
112.3745 	EXP 	New trial (rep=1, index=9): <Trial 21 (9 in rep 1) data={'WordItem': 'vexed', 'WordColor': 'blue', 'thisN': 21, 'thisTrialN': 9, 'thisRepN': 1}>
112.3780 	DATA 	Keypress: y
112.3895 	INFO 	Keyboard events cleared
112.3890 	EXP 	text_2: autoDraw = False
112.3890 	EXP 	text_2: height = 0.05
112.3890 	EXP 	text_2: height = 0.05
112.3890 	EXP 	text_2: height = 0.05
112.3890 	EXP 	text_2: text = 'vexed'
112.3890 	EXP 	text_2: autoDraw = True
112.7570 	EXP 	New trial (rep=1, index=10): <Trial 22 (10 in rep 1) data={'WordItem': 'jealous', 'WordColor': None, 'thisN': 22, 'thisTrialN': 10, 'thisRepN': 1}>
112.7603 	DATA 	Keypress: y
112.7724 	INFO 	Keyboard events cleared
112.7719 	EXP 	text_2: autoDraw = False
112.7719 	EXP 	text_2: height = 0.05
112.7719 	EXP 	text_2: height = 0.05
112.7719 	EXP 	text_2: height = 0.05
112.7719 	EXP 	text_2: text = 'jealous'
112.7719 	EXP 	text_2: autoDraw = True
113.0736 	EXP 	New trial (rep=1, index=11): <Trial 23 (11 in rep 1) data={'WordItem': 'excited ', 'WordColor': 'yellow', 'thisN': 23, 'thisTrialN': 11, 'thisRepN': 1}>
113.0769 	DATA 	Keypress: y
113.0887 	INFO 	Keyboard events cleared
113.0884 	EXP 	text_2: autoDraw = False
113.0884 	EXP 	text_2: height = 0.05
113.0884 	EXP 	text_2: height = 0.05
113.0884 	EXP 	text_2: height = 0.05
113.0884 	EXP 	text_2: text = 'excited '
113.0884 	EXP 	text_2: autoDraw = True
113.3904 	EXP 	New trial (rep=2, index=0): <Trial 24 (0 in rep 2) data={'WordItem': 'jealous', 'WordColor': None, 'thisN': 24, 'thisTrialN': 0, 'thisRepN': 2}>
113.3938 	DATA 	Keypress: y
113.4052 	INFO 	Keyboard events cleared
113.4049 	EXP 	text_2: autoDraw = False
113.4049 	EXP 	text_2: height = 0.05
113.4049 	EXP 	text_2: height = 0.05
113.4049 	EXP 	text_2: height = 0.05
113.4049 	EXP 	text_2: text = 'jealous'
113.4049 	EXP 	text_2: autoDraw = True
113.7068 	EXP 	New trial (rep=2, index=1): <Trial 25 (1 in rep 2) data={'WordItem': 'delighted', 'WordColor': None, 'thisN': 25, 'thisTrialN': 1, 'thisRepN': 2}>
113.7101 	DATA 	Keypress: y
113.7217 	INFO 	Keyboard events cleared
113.7213 	EXP 	text_2: autoDraw = False
113.7213 	EXP 	text_2: height = 0.05
113.7213 	EXP 	text_2: height = 0.05
113.7213 	EXP 	text_2: height = 0.05
113.7213 	EXP 	text_2: text = 'delighted'
113.7213 	EXP 	text_2: autoDraw = True
114.0903 	EXP 	New trial (rep=2, index=2): <Trial 26 (2 in rep 2) data={'WordItem': 'aggravated', 'WordColor': None, 'thisN': 26, 'thisTrialN': 2, 'thisRepN': 2}>
114.0942 	DATA 	Keypress: y
114.1049 	INFO 	Keyboard events cleared
114.1044 	EXP 	text_2: autoDraw = False
114.1044 	EXP 	text_2: height = 0.05
114.1044 	EXP 	text_2: height = 0.05
114.1044 	EXP 	text_2: height = 0.05
114.1044 	EXP 	text_2: text = 'aggravated'
114.1044 	EXP 	text_2: autoDraw = True
114.8901 	EXP 	New trial (rep=2, index=3): <Trial 27 (3 in rep 2) data={'WordItem': 'joyous', 'WordColor': 'yellow', 'thisN': 27, 'thisTrialN': 3, 'thisRepN': 2}>
114.8933 	DATA 	Keypress: n
114.9048 	INFO 	Keyboard events cleared
114.9043 	EXP 	text_2: autoDraw = False
114.9043 	EXP 	text_2: height = 0.05
114.9043 	EXP 	text_2: height = 0.05
114.9043 	EXP 	text_2: height = 0.05
114.9043 	EXP 	text_2: text = 'joyous'
114.9043 	EXP 	text_2: autoDraw = True
115.5228 	EXP 	New trial (rep=2, index=4): <Trial 28 (4 in rep 2) data={'WordItem': 'ashamed', 'WordColor': None, 'thisN': 28, 'thisTrialN': 4, 'thisRepN': 2}>
115.5261 	DATA 	Keypress: y
115.5376 	INFO 	Keyboard events cleared
115.5373 	EXP 	text_2: autoDraw = False
115.5373 	EXP 	text_2: height = 0.05
115.5373 	EXP 	text_2: height = 0.05
115.5373 	EXP 	text_2: height = 0.05
115.5373 	EXP 	text_2: text = 'ashamed'
115.5373 	EXP 	text_2: autoDraw = True
115.7221 	EXP 	New trial (rep=2, index=5): <Trial 29 (5 in rep 2) data={'WordItem': 'content', 'WordColor': 'yellow', 'thisN': 29, 'thisTrialN': 5, 'thisRepN': 2}>
115.7251 	DATA 	Keypress: y
115.7375 	INFO 	Keyboard events cleared
115.7371 	EXP 	text_2: autoDraw = False
115.7371 	EXP 	text_2: height = 0.05
115.7371 	EXP 	text_2: height = 0.05
115.7371 	EXP 	text_2: height = 0.05
115.7371 	EXP 	text_2: text = 'content'
115.7371 	EXP 	text_2: autoDraw = True
115.8889 	EXP 	New trial (rep=2, index=6): <Trial 30 (6 in rep 2) data={'WordItem': 'calm', 'WordColor': None, 'thisN': 30, 'thisTrialN': 6, 'thisRepN': 2}>
115.8920 	DATA 	Keypress: y
115.9039 	INFO 	Keyboard events cleared
115.9036 	EXP 	text_2: autoDraw = False
115.9036 	EXP 	text_2: height = 0.05
115.9036 	EXP 	text_2: height = 0.05
115.9036 	EXP 	text_2: height = 0.05
115.9036 	EXP 	text_2: text = 'calm'
115.9036 	EXP 	text_2: autoDraw = True
116.2228 	EXP 	New trial (rep=2, index=7): <Trial 31 (7 in rep 2) data={'WordItem': 'vexed', 'WordColor': 'blue', 'thisN': 31, 'thisTrialN': 7, 'thisRepN': 2}>
116.2262 	DATA 	Keypress: y
116.2375 	INFO 	Keyboard events cleared
116.2371 	EXP 	text_2: autoDraw = False
116.2371 	EXP 	text_2: height = 0.05
116.2371 	EXP 	text_2: height = 0.05
116.2371 	EXP 	text_2: height = 0.05
116.2371 	EXP 	text_2: text = 'vexed'
116.2371 	EXP 	text_2: autoDraw = True
116.5886 	EXP 	New trial (rep=2, index=8): <Trial 32 (8 in rep 2) data={'WordItem': 'fascinated', 'WordColor': None, 'thisN': 32, 'thisTrialN': 8, 'thisRepN': 2}>
116.5929 	DATA 	Keypress: y
116.6036 	INFO 	Keyboard events cleared
116.6033 	EXP 	text_2: autoDraw = False
116.6033 	EXP 	text_2: height = 0.05
116.6033 	EXP 	text_2: height = 0.05
116.6033 	EXP 	text_2: height = 0.05
116.6033 	EXP 	text_2: text = 'fascinated'
116.6033 	EXP 	text_2: autoDraw = True
117.0554 	EXP 	New trial (rep=2, index=9): <Trial 33 (9 in rep 2) data={'WordItem': 'excited ', 'WordColor': 'yellow', 'thisN': 33, 'thisTrialN': 9, 'thisRepN': 2}>
117.0591 	DATA 	Keypress: y
117.0707 	INFO 	Keyboard events cleared
117.0701 	EXP 	text_2: autoDraw = False
117.0701 	EXP 	text_2: height = 0.05
117.0701 	EXP 	text_2: height = 0.05
117.0701 	EXP 	text_2: height = 0.05
117.0701 	EXP 	text_2: text = 'excited '
117.0701 	EXP 	text_2: autoDraw = True
117.4723 	EXP 	New trial (rep=2, index=10): <Trial 34 (10 in rep 2) data={'WordItem': 'depression', 'WordColor': 'blue', 'thisN': 34, 'thisTrialN': 10, 'thisRepN': 2}>
117.4759 	DATA 	Keypress: y
117.4870 	INFO 	Keyboard events cleared
117.4865 	EXP 	text_2: autoDraw = False
117.4865 	EXP 	text_2: height = 0.05
117.4865 	EXP 	text_2: height = 0.05
117.4865 	EXP 	text_2: height = 0.05
117.4865 	EXP 	text_2: text = 'depression'
117.4865 	EXP 	text_2: autoDraw = True
118.0381 	EXP 	New trial (rep=2, index=11): <Trial 35 (11 in rep 2) data={'WordItem': 'anxiety', 'WordColor': 'blue', 'thisN': 35, 'thisTrialN': 11, 'thisRepN': 2}>
118.0417 	DATA 	Keypress: y
118.0531 	INFO 	Keyboard events cleared
118.0528 	EXP 	text_2: autoDraw = False
118.0528 	EXP 	text_2: height = 0.05
118.0528 	EXP 	text_2: height = 0.05
118.0528 	EXP 	text_2: height = 0.05
118.0528 	EXP 	text_2: text = 'anxiety'
118.0528 	EXP 	text_2: autoDraw = True
118.5714 	EXP 	New trial (rep=3, index=0): <Trial 36 (0 in rep 3) data={'WordItem': 'content', 'WordColor': 'yellow', 'thisN': 36, 'thisTrialN': 0, 'thisRepN': 3}>
118.5745 	DATA 	Keypress: y
118.5868 	INFO 	Keyboard events cleared
118.5863 	EXP 	text_2: autoDraw = False
118.5863 	EXP 	text_2: height = 0.05
118.5863 	EXP 	text_2: height = 0.05
118.5863 	EXP 	text_2: height = 0.05
118.5863 	EXP 	text_2: text = 'content'
118.5863 	EXP 	text_2: autoDraw = True
118.9877 	EXP 	New trial (rep=3, index=1): <Trial 37 (1 in rep 3) data={'WordItem': 'vexed', 'WordColor': 'blue', 'thisN': 37, 'thisTrialN': 1, 'thisRepN': 3}>
118.9910 	DATA 	Keypress: y
119.0025 	INFO 	Keyboard events cleared
119.0022 	EXP 	text_2: autoDraw = False
119.0022 	EXP 	text_2: height = 0.05
119.0022 	EXP 	text_2: height = 0.05
119.0022 	EXP 	text_2: height = 0.05
119.0022 	EXP 	text_2: text = 'vexed'
119.0022 	EXP 	text_2: autoDraw = True
119.3878 	EXP 	New trial (rep=3, index=2): <Trial 38 (2 in rep 3) data={'WordItem': 'joyous', 'WordColor': 'yellow', 'thisN': 38, 'thisTrialN': 2, 'thisRepN': 3}>
119.3914 	DATA 	Keypress: y
119.4026 	INFO 	Keyboard events cleared
119.4021 	EXP 	text_2: autoDraw = False
119.4021 	EXP 	text_2: height = 0.05
119.4021 	EXP 	text_2: height = 0.05
119.4021 	EXP 	text_2: height = 0.05
119.4021 	EXP 	text_2: text = 'joyous'
119.4021 	EXP 	text_2: autoDraw = True
119.7703 	EXP 	New trial (rep=3, index=3): <Trial 39 (3 in rep 3) data={'WordItem': 'fascinated', 'WordColor': None, 'thisN': 39, 'thisTrialN': 3, 'thisRepN': 3}>
119.7739 	DATA 	Keypress: y
119.7855 	INFO 	Keyboard events cleared
119.7852 	EXP 	text_2: autoDraw = False
119.7852 	EXP 	text_2: height = 0.05
119.7852 	EXP 	text_2: height = 0.05
119.7852 	EXP 	text_2: height = 0.05
119.7852 	EXP 	text_2: text = 'fascinated'
119.7852 	EXP 	text_2: autoDraw = True
120.2540 	EXP 	New trial (rep=3, index=4): <Trial 40 (4 in rep 3) data={'WordItem': 'delighted', 'WordColor': None, 'thisN': 40, 'thisTrialN': 4, 'thisRepN': 3}>
120.2576 	DATA 	Keypress: y
120.2688 	INFO 	Keyboard events cleared
120.2685 	EXP 	text_2: autoDraw = False
120.2685 	EXP 	text_2: height = 0.05
120.2685 	EXP 	text_2: height = 0.05
120.2685 	EXP 	text_2: height = 0.05
120.2685 	EXP 	text_2: text = 'delighted'
120.2685 	EXP 	text_2: autoDraw = True
120.6372 	EXP 	New trial (rep=3, index=5): <Trial 41 (5 in rep 3) data={'WordItem': 'anxiety', 'WordColor': 'blue', 'thisN': 41, 'thisTrialN': 5, 'thisRepN': 3}>
120.6408 	DATA 	Keypress: y
120.6523 	INFO 	Keyboard events cleared
120.6518 	EXP 	text_2: autoDraw = False
120.6518 	EXP 	text_2: height = 0.05
120.6518 	EXP 	text_2: height = 0.05
120.6518 	EXP 	text_2: height = 0.05
120.6518 	EXP 	text_2: text = 'anxiety'
120.6518 	EXP 	text_2: autoDraw = True
121.1372 	EXP 	New trial (rep=3, index=6): <Trial 42 (6 in rep 3) data={'WordItem': 'excited ', 'WordColor': 'yellow', 'thisN': 42, 'thisTrialN': 6, 'thisRepN': 3}>
121.1409 	DATA 	Keypress: y
121.1524 	INFO 	Keyboard events cleared
121.1517 	EXP 	text_2: autoDraw = False
121.1517 	EXP 	text_2: height = 0.05
121.1517 	EXP 	text_2: height = 0.05
121.1517 	EXP 	text_2: height = 0.05
121.1517 	EXP 	text_2: text = 'excited '
121.1517 	EXP 	text_2: autoDraw = True
121.5538 	EXP 	New trial (rep=3, index=7): <Trial 43 (7 in rep 3) data={'WordItem': 'jealous', 'WordColor': None, 'thisN': 43, 'thisTrialN': 7, 'thisRepN': 3}>
121.5571 	DATA 	Keypress: y
121.5687 	INFO 	Keyboard events cleared
121.5681 	EXP 	text_2: autoDraw = False
121.5681 	EXP 	text_2: height = 0.05
121.5681 	EXP 	text_2: height = 0.05
121.5681 	EXP 	text_2: height = 0.05
121.5681 	EXP 	text_2: text = 'jealous'
121.5681 	EXP 	text_2: autoDraw = True
121.9034 	EXP 	New trial (rep=3, index=8): <Trial 44 (8 in rep 3) data={'WordItem': 'ashamed', 'WordColor': None, 'thisN': 44, 'thisTrialN': 8, 'thisRepN': 3}>
121.9071 	DATA 	Keypress: y
121.9191 	INFO 	Keyboard events cleared
121.9183 	EXP 	text_2: autoDraw = False
121.9183 	EXP 	text_2: height = 0.05
121.9183 	EXP 	text_2: height = 0.05
121.9183 	EXP 	text_2: height = 0.05
121.9183 	EXP 	text_2: text = 'ashamed'
121.9183 	EXP 	text_2: autoDraw = True
122.5196 	EXP 	New trial (rep=3, index=9): <Trial 45 (9 in rep 3) data={'WordItem': 'depression', 'WordColor': 'blue', 'thisN': 45, 'thisTrialN': 9, 'thisRepN': 3}>
122.5234 	DATA 	Keypress: y
122.5348 	INFO 	Keyboard events cleared
122.5343 	EXP 	text_2: autoDraw = False
122.5343 	EXP 	text_2: height = 0.05
122.5343 	EXP 	text_2: height = 0.05
122.5343 	EXP 	text_2: height = 0.05
122.5343 	EXP 	text_2: text = 'depression'
122.5343 	EXP 	text_2: autoDraw = True
123.0024 	EXP 	New trial (rep=3, index=10): <Trial 46 (10 in rep 3) data={'WordItem': 'calm', 'WordColor': None, 'thisN': 46, 'thisTrialN': 10, 'thisRepN': 3}>
123.0059 	DATA 	Keypress: y
123.0179 	INFO 	Keyboard events cleared
123.0176 	EXP 	text_2: autoDraw = False
123.0176 	EXP 	text_2: height = 0.05
123.0176 	EXP 	text_2: height = 0.05
123.0176 	EXP 	text_2: height = 0.05
123.0176 	EXP 	text_2: text = 'calm'
123.0176 	EXP 	text_2: autoDraw = True
123.4201 	EXP 	New trial (rep=3, index=11): <Trial 47 (11 in rep 3) data={'WordItem': 'aggravated', 'WordColor': None, 'thisN': 47, 'thisTrialN': 11, 'thisRepN': 3}>
123.4236 	DATA 	Keypress: y
123.4343 	INFO 	Keyboard events cleared
123.4339 	EXP 	text_2: autoDraw = False
123.4339 	EXP 	text_2: height = 0.05
123.4339 	EXP 	text_2: height = 0.05
123.4339 	EXP 	text_2: height = 0.05
123.4339 	EXP 	text_2: text = 'aggravated'
123.4339 	EXP 	text_2: autoDraw = True
124.2683 	EXP 	New trial (rep=4, index=0): <Trial 48 (0 in rep 4) data={'WordItem': 'aggravated', 'WordColor': None, 'thisN': 48, 'thisTrialN': 0, 'thisRepN': 4}>
124.2694 	DATA 	Keypress: n
124.2846 	INFO 	Keyboard events cleared
124.2843 	EXP 	text_2: autoDraw = False
124.2843 	EXP 	text_2: text = 'aggravated'
124.2843 	EXP 	text_2: autoDraw = True
125.3688 	EXP 	New trial (rep=4, index=1): <Trial 49 (1 in rep 4) data={'WordItem': 'ashamed', 'WordColor': None, 'thisN': 49, 'thisTrialN': 1, 'thisRepN': 4}>
125.3725 	DATA 	Keypress: n
125.3833 	INFO 	Keyboard events cleared
125.3830 	EXP 	text_2: autoDraw = False
125.3830 	EXP 	text_2: height = 0.05
125.3830 	EXP 	text_2: height = 0.05
125.3830 	EXP 	text_2: height = 0.05
125.3830 	EXP 	text_2: text = 'ashamed'
125.3830 	EXP 	text_2: autoDraw = True
125.8846 	EXP 	New trial (rep=4, index=2): <Trial 50 (2 in rep 4) data={'WordItem': 'joyous', 'WordColor': 'yellow', 'thisN': 50, 'thisTrialN': 2, 'thisRepN': 4}>
125.8878 	DATA 	Keypress: y
125.8996 	INFO 	Keyboard events cleared
125.8993 	EXP 	text_2: autoDraw = False
125.8993 	EXP 	text_2: height = 0.05
125.8993 	EXP 	text_2: height = 0.05
125.8993 	EXP 	text_2: height = 0.05
125.8993 	EXP 	text_2: text = 'joyous'
125.8993 	EXP 	text_2: autoDraw = True
126.2010 	EXP 	New trial (rep=4, index=3): <Trial 51 (3 in rep 4) data={'WordItem': 'depression', 'WordColor': 'blue', 'thisN': 51, 'thisTrialN': 3, 'thisRepN': 4}>
126.2048 	DATA 	Keypress: y
126.2165 	INFO 	Keyboard events cleared
126.2160 	EXP 	text_2: autoDraw = False
126.2160 	EXP 	text_2: height = 0.05
126.2160 	EXP 	text_2: height = 0.05
126.2160 	EXP 	text_2: height = 0.05
126.2160 	EXP 	text_2: text = 'depression'
126.2160 	EXP 	text_2: autoDraw = True
126.4174 	EXP 	New trial (rep=4, index=4): <Trial 52 (4 in rep 4) data={'WordItem': 'delighted', 'WordColor': None, 'thisN': 52, 'thisTrialN': 4, 'thisRepN': 4}>
126.4207 	DATA 	Keypress: y
126.4327 	INFO 	Keyboard events cleared
126.4324 	EXP 	text_2: autoDraw = False
126.4324 	EXP 	text_2: height = 0.05
126.4324 	EXP 	text_2: height = 0.05
126.4324 	EXP 	text_2: height = 0.05
126.4324 	EXP 	text_2: text = 'delighted'
126.4324 	EXP 	text_2: autoDraw = True
126.6343 	EXP 	New trial (rep=4, index=5): <Trial 53 (5 in rep 4) data={'WordItem': 'calm', 'WordColor': None, 'thisN': 53, 'thisTrialN': 5, 'thisRepN': 4}>
126.6379 	DATA 	Keypress: y
126.6496 	INFO 	Keyboard events cleared
126.6493 	EXP 	text_2: autoDraw = False
126.6493 	EXP 	text_2: height = 0.05
126.6493 	EXP 	text_2: height = 0.05
126.6493 	EXP 	text_2: height = 0.05
126.6493 	EXP 	text_2: text = 'calm'
126.6493 	EXP 	text_2: autoDraw = True
126.8177 	EXP 	New trial (rep=4, index=6): <Trial 54 (6 in rep 4) data={'WordItem': 'fascinated', 'WordColor': None, 'thisN': 54, 'thisTrialN': 6, 'thisRepN': 4}>
126.8212 	DATA 	Keypress: y
126.8327 	INFO 	Keyboard events cleared
126.8323 	EXP 	text_2: autoDraw = False
126.8323 	EXP 	text_2: height = 0.05
126.8323 	EXP 	text_2: height = 0.05
126.8323 	EXP 	text_2: height = 0.05
126.8323 	EXP 	text_2: text = 'fascinated'
126.8323 	EXP 	text_2: autoDraw = True
127.0345 	EXP 	New trial (rep=4, index=7): <Trial 55 (7 in rep 4) data={'WordItem': 'jealous', 'WordColor': None, 'thisN': 55, 'thisTrialN': 7, 'thisRepN': 4}>
127.0379 	DATA 	Keypress: y
127.0494 	INFO 	Keyboard events cleared
127.0490 	EXP 	text_2: autoDraw = False
127.0490 	EXP 	text_2: height = 0.05
127.0490 	EXP 	text_2: height = 0.05
127.0490 	EXP 	text_2: height = 0.05
127.0490 	EXP 	text_2: text = 'jealous'
127.0490 	EXP 	text_2: autoDraw = True
127.4179 	EXP 	New trial (rep=4, index=8): <Trial 56 (8 in rep 4) data={'WordItem': 'vexed', 'WordColor': 'blue', 'thisN': 56, 'thisTrialN': 8, 'thisRepN': 4}>
127.4215 	DATA 	Keypress: y
127.4323 	INFO 	Keyboard events cleared
127.4320 	EXP 	text_2: autoDraw = False
127.4320 	EXP 	text_2: height = 0.05
127.4320 	EXP 	text_2: height = 0.05
127.4320 	EXP 	text_2: height = 0.05
127.4320 	EXP 	text_2: text = 'vexed'
127.4320 	EXP 	text_2: autoDraw = True
127.8840 	EXP 	New trial (rep=4, index=9): <Trial 57 (9 in rep 4) data={'WordItem': 'excited ', 'WordColor': 'yellow', 'thisN': 57, 'thisTrialN': 9, 'thisRepN': 4}>
127.8876 	DATA 	Keypress: y
127.8986 	INFO 	Keyboard events cleared
127.8983 	EXP 	text_2: autoDraw = False
127.8983 	EXP 	text_2: height = 0.05
127.8983 	EXP 	text_2: height = 0.05
127.8983 	EXP 	text_2: height = 0.05
127.8983 	EXP 	text_2: text = 'excited '
127.8983 	EXP 	text_2: autoDraw = True
128.2500 	EXP 	New trial (rep=4, index=10): <Trial 58 (10 in rep 4) data={'WordItem': 'anxiety', 'WordColor': 'blue', 'thisN': 58, 'thisTrialN': 10, 'thisRepN': 4}>
128.2534 	DATA 	Keypress: y
128.2656 	INFO 	Keyboard events cleared
128.2650 	EXP 	text_2: autoDraw = False
128.2650 	EXP 	text_2: height = 0.05
128.2650 	EXP 	text_2: height = 0.05
128.2650 	EXP 	text_2: height = 0.05
128.2650 	EXP 	text_2: text = 'anxiety'
128.2650 	EXP 	text_2: autoDraw = True
128.5835 	EXP 	New trial (rep=4, index=11): <Trial 59 (11 in rep 4) data={'WordItem': 'content', 'WordColor': 'yellow', 'thisN': 59, 'thisTrialN': 11, 'thisRepN': 4}>
128.5866 	DATA 	Keypress: y
128.5987 	INFO 	Keyboard events cleared
128.5982 	EXP 	text_2: autoDraw = False
128.5982 	EXP 	text_2: height = 0.05
128.5982 	EXP 	text_2: height = 0.05
128.5982 	EXP 	text_2: height = 0.05
128.5982 	EXP 	text_2: text = 'content'
128.5982 	EXP 	text_2: autoDraw = True
128.9839 	DATA 	Keypress: y
128.9991 	EXP 	text_2: autoDraw = False
128.9992 	EXP 	Solo project: status = STOPPED
129.0432 	INFO 	saved data to 'C:\\Users\\mssaa\\OneDrive\\Desktop\\PSYCHOPY\\data/shiv_Solo project_2024-12-06_12h09.26.423.csv'
129.0453 	INFO 	saved data to C:\Users\mssaa\OneDrive\Desktop\PSYCHOPY\data/shiv_Solo project_2024-12-06_12h09.26.423.psydat
