13.6733 	INFO 	Loaded monitor calibration from ['2024_08_23 11:36']
13.6867 	WARNING 	User requested fullscreen with size [1024  768], but screen is actually [1920, 1200]. Using actual size
14.7937 	EXP 	Created window1 = Window(allowGUI=False, allowStencil=False, autoLog=True, backendConf=UNKNOWN, backgroundFit=<method-wrapper '__getattribute__' of attributeSetter object at 0x000001E1F10825F0>, backgroundImage=<method-wrapper '__getattribute__' of attributeSetter object at 0x000001E1F10832E0>, bitsMode=UNKNOWN, blendMode='avg', bpc=(8, 8, 8), color=array([0, 0, 0]), colorSpace='rgb', depthBits=8, fullscr=True, gamma=None, gammaErrorPolicy='raise', infoMsg=UNKNOWN, lms=UNKNOWN, monitor=<psychopy.monitors.calibTools.Monitor object at 0x000001E1F1140040>, multiSample=False, name='window1', numSamples=2, pos=[0.0, 0.0], screen=0, size=array([1920, 1200]), stencilBits=0, stereo=False, title='PsychoPy', units='height', useFBO=True, useRetina=False, viewOri=0.0, viewPos=None, viewScale=None, waitBlanking=True, winType='pyglet')
14.7938 	EXP 	window1: backgroundImage = ''
14.7938 	EXP 	window1: backgroundFit = 'none'
14.8850 	EXP 	window1: Attempting to measure frame rate of screen (0) ...
14.8850 	EXP 	window1: recordFrameIntervals = False
15.2488 	EXP 	window1: recordFrameIntervals = True
15.4322 	EXP 	Screen (0) actual frame rate measured at 60.06Hz
15.4323 	EXP 	window1: recordFrameIntervals = False
19.7503 	INFO 	keyboard.Keyboard is using iohub backend.
19.7504 	INFO 	keyboard.Keyboard is using iohub backend.
19.7505 	EXP 	Delay dfiscounting: status = STARTED
19.7556 	EXP 	Created fixation = ShapeStim(__class__=<class 'psychopy.visual.shape.ShapeStim'>, anchor=('center', 'center'), autoDraw=False, autoLog=True, closeShape=True, color=method-wrapper(...), colorSpace='rgb', contrast=None, depth=0.0, draggable=False, fillColor=array([1, 1, 1]), fillColorSpace='rgb', fillRGB=array([1, 1, 1]), interpolate=True, lineColor=array([1., 1., 1.]), lineColorSpace='rgb', lineRGB=array([1, 1, 1]), lineWidth=1.0, name='fixation', opacity=1, ori=0.0, pos=array([0., 0.]), size=array([0.05, 0.05]), units='height', vertices=ndarray(...), win=Window(...), windingRule=None)
19.8385 	EXP 	Created text = TextStim(__class__=<class 'psychopy.visual.text.TextStim'>, alignHoriz=method-wrapper(...), alignText='center', alignVert=method-wrapper(...), anchorHoriz='center', anchorVert='center', antialias=True, autoDraw=False, autoLog=True, bold=False, color=array([1., 1., 1.]), colorSpace='rgb', contrast=1.0, depth=-1.0, draggable=False, flipHoriz=False, flipVert=False, font='Arial', fontFiles=[], height=0.05, italic=False, languageStyle='LTR', name='text', opacity=1, ori=0.0, pos=array([0., 0.]), rgb=UNKNOWN, text='', units='height', win=Window(...), wrapWidth=1)
0.0128 	EXP 	Imported C:/Users/mssaa/Downloads/Discounting - Sheet1.csv as conditions, 7 conditions, 3 params
0.0178 	EXP 	New trial (rep=0, index=0): <Trial 0 (0 in rep 0) data={'reward_today': 27, 'future_reward': 50, 'delay': 21, 'thisN': 0, 'thisTrialN': 0, 'thisRepN': 0}>
0.2742 	EXP 	text: height = 0.05
0.2742 	EXP 	text: height = 0.05
0.2742 	EXP 	text: height = 0.05
0.2742 	EXP 	text: text = 'GBP 27 today or GBP 50 after 21 days'
0.2742 	EXP 	fixation: autoDraw = True
1.0063 	INFO 	Keyboard events cleared
1.0059 	EXP 	text: autoDraw = True
1.2738 	EXP 	fixation: autoDraw = False
2.3000 	EXP 	New trial (rep=0, index=1): <Trial 1 (1 in rep 0) data={'reward_today': 78, 'future_reward': 80, 'delay': 162, 'thisN': 1, 'thisTrialN': 1, 'thisRepN': 0}>
2.3059 	DATA 	Keypress: l
2.3234 	EXP 	fixation: autoDraw = False
2.3234 	EXP 	text: autoDraw = False
2.3234 	EXP 	text: height = 0.05
2.3234 	EXP 	text: height = 0.05
2.3234 	EXP 	text: height = 0.05
2.3234 	EXP 	text: text = 'GBP 78 today or GBP 80 after 162 days'
2.3234 	EXP 	fixation: autoDraw = True
3.3062 	INFO 	Keyboard events cleared
3.3058 	EXP 	text: autoDraw = True
3.3229 	EXP 	fixation: autoDraw = False
4.0230 	EXP 	New trial (rep=0, index=2): <Trial 2 (2 in rep 0) data={'reward_today': 15, 'future_reward': 35, 'delay': 13, 'thisN': 2, 'thisTrialN': 2, 'thisRepN': 0}>
4.0282 	DATA 	Keypress: t
4.0380 	EXP 	fixation: autoDraw = False
4.0380 	EXP 	text: autoDraw = False
4.0380 	EXP 	text: height = 0.05
4.0380 	EXP 	text: height = 0.05
4.0380 	EXP 	text: height = 0.05
4.0380 	EXP 	text: text = 'GBP 15 today or GBP 35 after 13 days'
4.0380 	EXP 	fixation: autoDraw = True
5.0390 	INFO 	Keyboard events cleared
5.0386 	EXP 	fixation: autoDraw = False
5.0386 	EXP 	text: autoDraw = True
5.5558 	EXP 	New trial (rep=0, index=3): <Trial 3 (3 in rep 0) data={'reward_today': 40, 'future_reward': 55, 'delay': 62, 'thisN': 3, 'thisTrialN': 3, 'thisRepN': 0}>
5.5822 	DATA 	Keypress: l
5.5967 	EXP 	fixation: autoDraw = False
5.5967 	EXP 	text: autoDraw = False
5.5967 	EXP 	text: height = 0.05
5.5967 	EXP 	text: height = 0.05
5.5967 	EXP 	text: height = 0.05
5.5967 	EXP 	text: text = 'GBP 40 today or GBP 55 after 62 days'
5.5967 	EXP 	fixation: autoDraw = True
6.5634 	INFO 	Keyboard events cleared
6.5631 	EXP 	text: autoDraw = True
6.5962 	EXP 	fixation: autoDraw = False
7.5635 	EXP 	New trial (rep=0, index=4): <Trial 4 (4 in rep 0) data={'reward_today': 11, 'future_reward': 30, 'delay': 7, 'thisN': 4, 'thisTrialN': 4, 'thisRepN': 0}>
7.5680 	DATA 	Keypress: l
7.5785 	EXP 	fixation: autoDraw = False
7.5785 	EXP 	text: autoDraw = False
7.5785 	EXP 	text: height = 0.05
7.5785 	EXP 	text: height = 0.05
7.5785 	EXP 	text: height = 0.05
7.5785 	EXP 	text: text = 'GBP 11 today or GBP 30 after 7 days'
7.5785 	EXP 	fixation: autoDraw = True
8.5631 	INFO 	Keyboard events cleared
8.5625 	EXP 	text: autoDraw = True
8.5787 	EXP 	fixation: autoDraw = False
9.7626 	EXP 	New trial (rep=0, index=5): <Trial 5 (5 in rep 0) data={'reward_today': 49, 'future_reward': 60, 'delay': 89, 'thisN': 5, 'thisTrialN': 5, 'thisRepN': 0}>
9.7693 	DATA 	Keypress: l
9.7775 	EXP 	fixation: autoDraw = False
9.7775 	EXP 	text: autoDraw = False
9.7775 	EXP 	text: height = 0.05
9.7775 	EXP 	text: height = 0.05
9.7775 	EXP 	text: height = 0.05
9.7775 	EXP 	text: text = 'GBP 49 today or GBP 60 after 89 days'
9.7775 	EXP 	fixation: autoDraw = True
10.7781 	INFO 	Keyboard events cleared
10.7777 	EXP 	fixation: autoDraw = False
10.7777 	EXP 	text: autoDraw = True
11.5620 	EXP 	New trial (rep=0, index=6): <Trial 6 (6 in rep 0) data={'reward_today': 67, 'future_reward': 75, 'delay': 119, 'thisN': 6, 'thisTrialN': 6, 'thisRepN': 0}>
11.5665 	DATA 	Keypress: l
11.5766 	EXP 	fixation: autoDraw = False
11.5766 	EXP 	text: autoDraw = False
11.5766 	EXP 	text: height = 0.05
11.5766 	EXP 	text: height = 0.05
11.5766 	EXP 	text: height = 0.05
11.5766 	EXP 	text: text = 'GBP 67 today or GBP 75 after 119 days'
11.5766 	EXP 	fixation: autoDraw = True
12.5771 	INFO 	Keyboard events cleared
12.5768 	EXP 	fixation: autoDraw = False
12.5768 	EXP 	text: autoDraw = True
13.0443 	EXP 	New trial (rep=1, index=0): <Trial 7 (0 in rep 1) data={'reward_today': 67, 'future_reward': 75, 'delay': 119, 'thisN': 7, 'thisTrialN': 0, 'thisRepN': 1}>
13.0453 	DATA 	Keypress: t
13.0602 	EXP 	fixation: autoDraw = False
13.0602 	EXP 	text: autoDraw = False
13.0602 	EXP 	text: text = 'GBP 67 today or GBP 75 after 119 days'
13.0602 	EXP 	fixation: autoDraw = True
14.0602 	INFO 	Keyboard events cleared
14.0599 	EXP 	fixation: autoDraw = False
14.0599 	EXP 	text: autoDraw = True
14.5103 	EXP 	New trial (rep=1, index=1): <Trial 8 (1 in rep 1) data={'reward_today': 40, 'future_reward': 55, 'delay': 62, 'thisN': 8, 'thisTrialN': 1, 'thisRepN': 1}>
14.5144 	DATA 	Keypress: t
14.5251 	EXP 	fixation: autoDraw = False
14.5251 	EXP 	text: autoDraw = False
14.5251 	EXP 	text: height = 0.05
14.5251 	EXP 	text: height = 0.05
14.5251 	EXP 	text: height = 0.05
14.5251 	EXP 	text: text = 'GBP 40 today or GBP 55 after 62 days'
14.5251 	EXP 	fixation: autoDraw = True
15.5101 	INFO 	Keyboard events cleared
15.5096 	EXP 	text: autoDraw = True
15.5262 	EXP 	fixation: autoDraw = False
16.1932 	EXP 	New trial (rep=1, index=2): <Trial 9 (2 in rep 1) data={'reward_today': 78, 'future_reward': 80, 'delay': 162, 'thisN': 9, 'thisTrialN': 2, 'thisRepN': 1}>
16.1974 	DATA 	Keypress: l
16.2078 	EXP 	fixation: autoDraw = False
16.2078 	EXP 	text: autoDraw = False
16.2078 	EXP 	text: height = 0.05
16.2078 	EXP 	text: height = 0.05
16.2078 	EXP 	text: height = 0.05
16.2078 	EXP 	text: text = 'GBP 78 today or GBP 80 after 162 days'
16.2078 	EXP 	fixation: autoDraw = True
17.2088 	INFO 	Keyboard events cleared
17.2083 	EXP 	fixation: autoDraw = False
17.2083 	EXP 	text: autoDraw = True
17.5925 	EXP 	New trial (rep=1, index=3): <Trial 10 (3 in rep 1) data={'reward_today': 15, 'future_reward': 35, 'delay': 13, 'thisN': 10, 'thisTrialN': 3, 'thisRepN': 1}>
17.5963 	DATA 	Keypress: t
17.6072 	EXP 	fixation: autoDraw = False
17.6072 	EXP 	text: autoDraw = False
17.6072 	EXP 	text: height = 0.05
17.6072 	EXP 	text: height = 0.05
17.6072 	EXP 	text: height = 0.05
17.6072 	EXP 	text: text = 'GBP 15 today or GBP 35 after 13 days'
17.6072 	EXP 	fixation: autoDraw = True
18.5918 	INFO 	Keyboard events cleared
18.5914 	EXP 	text: autoDraw = True
18.6077 	EXP 	fixation: autoDraw = False
18.9588 	EXP 	New trial (rep=1, index=4): <Trial 11 (4 in rep 1) data={'reward_today': 11, 'future_reward': 30, 'delay': 7, 'thisN': 11, 'thisTrialN': 4, 'thisRepN': 1}>
18.9629 	DATA 	Keypress: l
18.9736 	EXP 	fixation: autoDraw = False
18.9736 	EXP 	text: autoDraw = False
18.9736 	EXP 	text: height = 0.05
18.9736 	EXP 	text: height = 0.05
18.9736 	EXP 	text: height = 0.05
18.9736 	EXP 	text: text = 'GBP 11 today or GBP 30 after 7 days'
18.9736 	EXP 	fixation: autoDraw = True
19.9748 	INFO 	Keyboard events cleared
19.9742 	EXP 	fixation: autoDraw = False
19.9742 	EXP 	text: autoDraw = True
20.5580 	EXP 	New trial (rep=1, index=5): <Trial 12 (5 in rep 1) data={'reward_today': 27, 'future_reward': 50, 'delay': 21, 'thisN': 12, 'thisTrialN': 5, 'thisRepN': 1}>
20.5622 	DATA 	Keypress: l
20.5727 	EXP 	fixation: autoDraw = False
20.5727 	EXP 	text: autoDraw = False
20.5727 	EXP 	text: height = 0.05
20.5727 	EXP 	text: height = 0.05
20.5727 	EXP 	text: height = 0.05
20.5727 	EXP 	text: text = 'GBP 27 today or GBP 50 after 21 days'
20.5727 	EXP 	fixation: autoDraw = True
21.5751 	INFO 	Keyboard events cleared
21.5745 	EXP 	fixation: autoDraw = False
21.5745 	EXP 	text: autoDraw = True
23.5898 	EXP 	text: autoDraw = False
56.3427 	EXP 	New trial (rep=1, index=6): <Trial 13 (6 in rep 1) data={'reward_today': 49, 'future_reward': 60, 'delay': 89, 'thisN': 13, 'thisTrialN': 6, 'thisRepN': 1}>
56.3474 	DATA 	Keypress: t
56.3570 	EXP 	fixation: autoDraw = False
56.3570 	EXP 	text: autoDraw = False
56.3570 	EXP 	text: height = 0.05
56.3570 	EXP 	text: height = 0.05
56.3570 	EXP 	text: height = 0.05
56.3570 	EXP 	text: text = 'GBP 49 today or GBP 60 after 89 days'
56.3570 	EXP 	fixation: autoDraw = True
57.3577 	INFO 	Keyboard events cleared
57.3574 	EXP 	fixation: autoDraw = False
57.3574 	EXP 	text: autoDraw = True
58.5581 	EXP 	New trial (rep=2, index=0): <Trial 14 (0 in rep 2) data={'reward_today': 11, 'future_reward': 30, 'delay': 7, 'thisN': 14, 'thisTrialN': 0, 'thisRepN': 2}>
58.5620 	DATA 	Keypress: l
58.5727 	EXP 	fixation: autoDraw = False
58.5727 	EXP 	text: autoDraw = False
58.5727 	EXP 	text: height = 0.05
58.5727 	EXP 	text: height = 0.05
58.5727 	EXP 	text: height = 0.05
58.5727 	EXP 	text: text = 'GBP 11 today or GBP 30 after 7 days'
58.5727 	EXP 	fixation: autoDraw = True
59.5575 	INFO 	Keyboard events cleared
59.5571 	EXP 	text: autoDraw = True
59.5733 	EXP 	fixation: autoDraw = False
60.3410 	EXP 	New trial (rep=2, index=1): <Trial 15 (1 in rep 2) data={'reward_today': 67, 'future_reward': 75, 'delay': 119, 'thisN': 15, 'thisTrialN': 1, 'thisRepN': 2}>
60.3458 	DATA 	Keypress: l
60.3556 	EXP 	fixation: autoDraw = False
60.3556 	EXP 	text: autoDraw = False
60.3556 	EXP 	text: height = 0.05
60.3556 	EXP 	text: height = 0.05
60.3556 	EXP 	text: height = 0.05
60.3556 	EXP 	text: text = 'GBP 67 today or GBP 75 after 119 days'
60.3556 	EXP 	fixation: autoDraw = True
61.3565 	INFO 	Keyboard events cleared
61.3560 	EXP 	fixation: autoDraw = False
61.3560 	EXP 	text: autoDraw = True
61.8747 	DATA 	Keypress: t
61.8907 	EXP 	New trial (rep=2, index=2): <Trial 16 (2 in rep 2) data={'reward_today': 49, 'future_reward': 60, 'delay': 89, 'thisN': 16, 'thisTrialN': 2, 'thisRepN': 2}>
61.9050 	EXP 	fixation: autoDraw = False
61.9050 	EXP 	text: autoDraw = False
61.9050 	EXP 	text: height = 0.05
61.9050 	EXP 	text: height = 0.05
61.9050 	EXP 	text: height = 0.05
61.9050 	EXP 	text: text = 'GBP 49 today or GBP 60 after 89 days'
61.9050 	EXP 	fixation: autoDraw = True
62.9054 	INFO 	Keyboard events cleared
62.9050 	EXP 	fixation: autoDraw = False
62.9050 	EXP 	text: autoDraw = True
63.4060 	EXP 	New trial (rep=2, index=3): <Trial 17 (3 in rep 2) data={'reward_today': 40, 'future_reward': 55, 'delay': 62, 'thisN': 17, 'thisTrialN': 3, 'thisRepN': 2}>
63.4104 	DATA 	Keypress: l
63.4207 	EXP 	fixation: autoDraw = False
63.4207 	EXP 	text: autoDraw = False
63.4207 	EXP 	text: height = 0.05
63.4207 	EXP 	text: height = 0.05
63.4207 	EXP 	text: height = 0.05
63.4207 	EXP 	text: text = 'GBP 40 today or GBP 55 after 62 days'
63.4207 	EXP 	fixation: autoDraw = True
64.4212 	INFO 	Keyboard events cleared
64.4210 	EXP 	fixation: autoDraw = False
64.4210 	EXP 	text: autoDraw = True
64.8387 	EXP 	New trial (rep=2, index=4): <Trial 18 (4 in rep 2) data={'reward_today': 15, 'future_reward': 35, 'delay': 13, 'thisN': 18, 'thisTrialN': 4, 'thisRepN': 2}>
64.8429 	DATA 	Keypress: l
64.8537 	EXP 	fixation: autoDraw = False
64.8537 	EXP 	text: autoDraw = False
64.8537 	EXP 	text: height = 0.05
64.8537 	EXP 	text: height = 0.05
64.8537 	EXP 	text: height = 0.05
64.8537 	EXP 	text: text = 'GBP 15 today or GBP 35 after 13 days'
64.8537 	EXP 	fixation: autoDraw = True
65.8544 	INFO 	Keyboard events cleared
65.8541 	EXP 	fixation: autoDraw = False
65.8541 	EXP 	text: autoDraw = True
66.2544 	EXP 	New trial (rep=2, index=5): <Trial 19 (5 in rep 2) data={'reward_today': 27, 'future_reward': 50, 'delay': 21, 'thisN': 19, 'thisTrialN': 5, 'thisRepN': 2}>
66.2585 	DATA 	Keypress: l
66.2695 	EXP 	fixation: autoDraw = False
66.2695 	EXP 	text: autoDraw = False
66.2695 	EXP 	text: height = 0.05
66.2695 	EXP 	text: height = 0.05
66.2695 	EXP 	text: height = 0.05
66.2695 	EXP 	text: text = 'GBP 27 today or GBP 50 after 21 days'
66.2695 	EXP 	fixation: autoDraw = True
67.2543 	INFO 	Keyboard events cleared
67.2538 	EXP 	text: autoDraw = True
67.2705 	EXP 	fixation: autoDraw = False
67.6873 	EXP 	New trial (rep=2, index=6): <Trial 20 (6 in rep 2) data={'reward_today': 78, 'future_reward': 80, 'delay': 162, 'thisN': 20, 'thisTrialN': 6, 'thisRepN': 2}>
67.6912 	DATA 	Keypress: l
67.7025 	EXP 	fixation: autoDraw = False
67.7025 	EXP 	text: autoDraw = False
67.7025 	EXP 	text: height = 0.05
67.7025 	EXP 	text: height = 0.05
67.7025 	EXP 	text: height = 0.05
67.7025 	EXP 	text: text = 'GBP 78 today or GBP 80 after 162 days'
67.7025 	EXP 	fixation: autoDraw = True
68.6868 	INFO 	Keyboard events cleared
68.6862 	EXP 	text: autoDraw = True
68.7025 	EXP 	fixation: autoDraw = False
69.0366 	EXP 	New trial (rep=3, index=0): <Trial 21 (0 in rep 3) data={'reward_today': 11, 'future_reward': 30, 'delay': 7, 'thisN': 21, 'thisTrialN': 0, 'thisRepN': 3}>
69.0408 	DATA 	Keypress: t
69.0519 	EXP 	fixation: autoDraw = False
69.0519 	EXP 	text: autoDraw = False
69.0519 	EXP 	text: height = 0.05
69.0519 	EXP 	text: height = 0.05
69.0519 	EXP 	text: height = 0.05
69.0519 	EXP 	text: text = 'GBP 11 today or GBP 30 after 7 days'
69.0519 	EXP 	fixation: autoDraw = True
70.0360 	INFO 	Keyboard events cleared
70.0357 	EXP 	text: autoDraw = True
70.0521 	EXP 	fixation: autoDraw = False
70.6536 	EXP 	New trial (rep=3, index=1): <Trial 22 (1 in rep 3) data={'reward_today': 15, 'future_reward': 35, 'delay': 13, 'thisN': 22, 'thisTrialN': 1, 'thisRepN': 3}>
70.6575 	DATA 	Keypress: l
70.6677 	EXP 	fixation: autoDraw = False
70.6677 	EXP 	text: autoDraw = False
70.6677 	EXP 	text: height = 0.05
70.6677 	EXP 	text: height = 0.05
70.6677 	EXP 	text: height = 0.05
70.6677 	EXP 	text: text = 'GBP 15 today or GBP 35 after 13 days'
70.6677 	EXP 	fixation: autoDraw = True
71.6683 	INFO 	Keyboard events cleared
71.6680 	EXP 	fixation: autoDraw = False
71.6680 	EXP 	text: autoDraw = True
72.2022 	EXP 	New trial (rep=3, index=2): <Trial 23 (2 in rep 3) data={'reward_today': 67, 'future_reward': 75, 'delay': 119, 'thisN': 23, 'thisTrialN': 2, 'thisRepN': 3}>
72.2064 	DATA 	Keypress: l
72.2169 	EXP 	fixation: autoDraw = False
72.2169 	EXP 	text: autoDraw = False
72.2169 	EXP 	text: height = 0.05
72.2169 	EXP 	text: height = 0.05
72.2169 	EXP 	text: height = 0.05
72.2169 	EXP 	text: text = 'GBP 67 today or GBP 75 after 119 days'
72.2169 	EXP 	fixation: autoDraw = True
73.2024 	INFO 	Keyboard events cleared
73.2020 	EXP 	text: autoDraw = True
73.2178 	EXP 	fixation: autoDraw = False
73.6850 	EXP 	New trial (rep=3, index=3): <Trial 24 (3 in rep 3) data={'reward_today': 78, 'future_reward': 80, 'delay': 162, 'thisN': 24, 'thisTrialN': 3, 'thisRepN': 3}>
73.6888 	DATA 	Keypress: t
73.6997 	EXP 	fixation: autoDraw = False
73.6997 	EXP 	text: autoDraw = False
73.6997 	EXP 	text: height = 0.05
73.6997 	EXP 	text: height = 0.05
73.6997 	EXP 	text: height = 0.05
73.6997 	EXP 	text: text = 'GBP 78 today or GBP 80 after 162 days'
73.6997 	EXP 	fixation: autoDraw = True
74.6844 	INFO 	Keyboard events cleared
74.6840 	EXP 	text: autoDraw = True
74.7004 	EXP 	fixation: autoDraw = False
75.1675 	EXP 	New trial (rep=3, index=4): <Trial 25 (4 in rep 3) data={'reward_today': 27, 'future_reward': 50, 'delay': 21, 'thisN': 25, 'thisTrialN': 4, 'thisRepN': 3}>
75.1716 	DATA 	Keypress: t
75.1823 	EXP 	fixation: autoDraw = False
75.1823 	EXP 	text: autoDraw = False
75.1823 	EXP 	text: height = 0.05
75.1823 	EXP 	text: height = 0.05
75.1823 	EXP 	text: height = 0.05
75.1823 	EXP 	text: text = 'GBP 27 today or GBP 50 after 21 days'
75.1823 	EXP 	fixation: autoDraw = True
76.1829 	INFO 	Keyboard events cleared
76.1826 	EXP 	fixation: autoDraw = False
76.1826 	EXP 	text: autoDraw = True
76.6837 	EXP 	New trial (rep=3, index=5): <Trial 26 (5 in rep 3) data={'reward_today': 49, 'future_reward': 60, 'delay': 89, 'thisN': 26, 'thisTrialN': 5, 'thisRepN': 3}>
76.6883 	DATA 	Keypress: l
76.6984 	EXP 	fixation: autoDraw = False
76.6984 	EXP 	text: autoDraw = False
76.6984 	EXP 	text: height = 0.05
76.6984 	EXP 	text: height = 0.05
76.6984 	EXP 	text: height = 0.05
76.6984 	EXP 	text: text = 'GBP 49 today or GBP 60 after 89 days'
76.6984 	EXP 	fixation: autoDraw = True
77.6995 	INFO 	Keyboard events cleared
77.6990 	EXP 	fixation: autoDraw = False
77.6990 	EXP 	text: autoDraw = True
78.1495 	EXP 	New trial (rep=3, index=6): <Trial 27 (6 in rep 3) data={'reward_today': 40, 'future_reward': 55, 'delay': 62, 'thisN': 27, 'thisTrialN': 6, 'thisRepN': 3}>
78.1538 	DATA 	Keypress: l
78.1643 	EXP 	fixation: autoDraw = False
78.1643 	EXP 	text: autoDraw = False
78.1643 	EXP 	text: height = 0.05
78.1643 	EXP 	text: height = 0.05
78.1643 	EXP 	text: height = 0.05
78.1643 	EXP 	text: text = 'GBP 40 today or GBP 55 after 62 days'
78.1643 	EXP 	fixation: autoDraw = True
79.1651 	INFO 	Keyboard events cleared
79.1648 	EXP 	fixation: autoDraw = False
79.1648 	EXP 	text: autoDraw = True
79.5826 	EXP 	New trial (rep=4, index=0): <Trial 28 (0 in rep 4) data={'reward_today': 67, 'future_reward': 75, 'delay': 119, 'thisN': 28, 'thisTrialN': 0, 'thisRepN': 4}>
79.5868 	DATA 	Keypress: l
79.5971 	EXP 	fixation: autoDraw = False
79.5971 	EXP 	text: autoDraw = False
79.5971 	EXP 	text: height = 0.05
79.5971 	EXP 	text: height = 0.05
79.5971 	EXP 	text: height = 0.05
79.5971 	EXP 	text: text = 'GBP 67 today or GBP 75 after 119 days'
79.5971 	EXP 	fixation: autoDraw = True
80.5980 	INFO 	Keyboard events cleared
80.5976 	EXP 	fixation: autoDraw = False
80.5976 	EXP 	text: autoDraw = True
80.9655 	EXP 	New trial (rep=4, index=1): <Trial 29 (1 in rep 4) data={'reward_today': 15, 'future_reward': 35, 'delay': 13, 'thisN': 29, 'thisTrialN': 1, 'thisRepN': 4}>
80.9699 	DATA 	Keypress: t
80.9800 	EXP 	fixation: autoDraw = False
80.9800 	EXP 	text: autoDraw = False
80.9800 	EXP 	text: height = 0.05
80.9800 	EXP 	text: height = 0.05
80.9800 	EXP 	text: height = 0.05
80.9800 	EXP 	text: text = 'GBP 15 today or GBP 35 after 13 days'
80.9800 	EXP 	fixation: autoDraw = True
81.9807 	INFO 	Keyboard events cleared
81.9805 	EXP 	fixation: autoDraw = False
81.9805 	EXP 	text: autoDraw = True
82.4143 	EXP 	New trial (rep=4, index=2): <Trial 30 (2 in rep 4) data={'reward_today': 78, 'future_reward': 80, 'delay': 162, 'thisN': 30, 'thisTrialN': 2, 'thisRepN': 4}>
82.4184 	DATA 	Keypress: l
82.4293 	EXP 	fixation: autoDraw = False
82.4293 	EXP 	text: autoDraw = False
82.4293 	EXP 	text: height = 0.05
82.4293 	EXP 	text: height = 0.05
82.4293 	EXP 	text: height = 0.05
82.4293 	EXP 	text: text = 'GBP 78 today or GBP 80 after 162 days'
82.4293 	EXP 	fixation: autoDraw = True
83.4303 	INFO 	Keyboard events cleared
83.4300 	EXP 	fixation: autoDraw = False
83.4300 	EXP 	text: autoDraw = True
83.8812 	EXP 	New trial (rep=4, index=3): <Trial 31 (3 in rep 4) data={'reward_today': 11, 'future_reward': 30, 'delay': 7, 'thisN': 31, 'thisTrialN': 3, 'thisRepN': 4}>
83.8851 	DATA 	Keypress: t
83.8951 	EXP 	fixation: autoDraw = False
83.8951 	EXP 	text: autoDraw = False
83.8951 	EXP 	text: height = 0.05
83.8951 	EXP 	text: height = 0.05
83.8951 	EXP 	text: height = 0.05
83.8951 	EXP 	text: text = 'GBP 11 today or GBP 30 after 7 days'
83.8951 	EXP 	fixation: autoDraw = True
84.8964 	INFO 	Keyboard events cleared
84.8959 	EXP 	fixation: autoDraw = False
84.8959 	EXP 	text: autoDraw = True
85.4964 	EXP 	New trial (rep=4, index=4): <Trial 32 (4 in rep 4) data={'reward_today': 40, 'future_reward': 55, 'delay': 62, 'thisN': 32, 'thisTrialN': 4, 'thisRepN': 4}>
85.5002 	DATA 	Keypress: l
85.5114 	EXP 	fixation: autoDraw = False
85.5114 	EXP 	text: autoDraw = False
85.5114 	EXP 	text: height = 0.05
85.5114 	EXP 	text: height = 0.05
85.5114 	EXP 	text: height = 0.05
85.5114 	EXP 	text: text = 'GBP 40 today or GBP 55 after 62 days'
85.5114 	EXP 	fixation: autoDraw = True
86.5126 	INFO 	Keyboard events cleared
86.5122 	EXP 	fixation: autoDraw = False
86.5122 	EXP 	text: autoDraw = True
86.8459 	EXP 	New trial (rep=4, index=5): <Trial 33 (5 in rep 4) data={'reward_today': 49, 'future_reward': 60, 'delay': 89, 'thisN': 33, 'thisTrialN': 5, 'thisRepN': 4}>
86.8505 	DATA 	Keypress: l
86.8608 	EXP 	fixation: autoDraw = False
86.8608 	EXP 	text: autoDraw = False
86.8608 	EXP 	text: height = 0.05
86.8608 	EXP 	text: height = 0.05
86.8608 	EXP 	text: height = 0.05
86.8608 	EXP 	text: text = 'GBP 49 today or GBP 60 after 89 days'
86.8608 	EXP 	fixation: autoDraw = True
87.8445 	INFO 	Keyboard events cleared
87.8439 	EXP 	text: autoDraw = True
87.8610 	EXP 	fixation: autoDraw = False
88.1784 	EXP 	New trial (rep=4, index=6): <Trial 34 (6 in rep 4) data={'reward_today': 27, 'future_reward': 50, 'delay': 21, 'thisN': 34, 'thisTrialN': 6, 'thisRepN': 4}>
88.1823 	DATA 	Keypress: l
88.1933 	EXP 	fixation: autoDraw = False
88.1933 	EXP 	text: autoDraw = False
88.1933 	EXP 	text: height = 0.05
88.1933 	EXP 	text: height = 0.05
88.1933 	EXP 	text: height = 0.05
88.1933 	EXP 	text: text = 'GBP 27 today or GBP 50 after 21 days'
88.1933 	EXP 	fixation: autoDraw = True
89.1774 	INFO 	Keyboard events cleared
89.1771 	EXP 	text: autoDraw = True
89.1937 	EXP 	fixation: autoDraw = False
89.5125 	EXP 	New trial (rep=5, index=0): <Trial 35 (0 in rep 5) data={'reward_today': 15, 'future_reward': 35, 'delay': 13, 'thisN': 35, 'thisTrialN': 0, 'thisRepN': 5}>
89.5170 	DATA 	Keypress: l
89.5266 	EXP 	fixation: autoDraw = False
89.5266 	EXP 	text: autoDraw = False
89.5266 	EXP 	text: height = 0.05
89.5266 	EXP 	text: height = 0.05
89.5266 	EXP 	text: height = 0.05
89.5266 	EXP 	text: text = 'GBP 15 today or GBP 35 after 13 days'
89.5266 	EXP 	fixation: autoDraw = True
90.5271 	INFO 	Keyboard events cleared
90.5266 	EXP 	fixation: autoDraw = False
90.5266 	EXP 	text: autoDraw = True
90.9106 	EXP 	New trial (rep=5, index=1): <Trial 36 (1 in rep 5) data={'reward_today': 78, 'future_reward': 80, 'delay': 162, 'thisN': 36, 'thisTrialN': 1, 'thisRepN': 5}>
90.9145 	DATA 	Keypress: l
90.9258 	EXP 	fixation: autoDraw = False
90.9258 	EXP 	text: autoDraw = False
90.9258 	EXP 	text: height = 0.05
90.9258 	EXP 	text: height = 0.05
90.9258 	EXP 	text: height = 0.05
90.9258 	EXP 	text: text = 'GBP 78 today or GBP 80 after 162 days'
90.9258 	EXP 	fixation: autoDraw = True
91.9098 	INFO 	Keyboard events cleared
91.9094 	EXP 	text: autoDraw = True
91.9260 	EXP 	fixation: autoDraw = False
92.3437 	EXP 	New trial (rep=5, index=2): <Trial 37 (2 in rep 5) data={'reward_today': 40, 'future_reward': 55, 'delay': 62, 'thisN': 37, 'thisTrialN': 2, 'thisRepN': 5}>
92.3482 	DATA 	Keypress: l
92.3585 	EXP 	fixation: autoDraw = False
92.3585 	EXP 	text: autoDraw = False
92.3585 	EXP 	text: height = 0.05
92.3585 	EXP 	text: height = 0.05
92.3585 	EXP 	text: height = 0.05
92.3585 	EXP 	text: text = 'GBP 40 today or GBP 55 after 62 days'
92.3585 	EXP 	fixation: autoDraw = True
93.3592 	INFO 	Keyboard events cleared
93.3587 	EXP 	fixation: autoDraw = False
93.3587 	EXP 	text: autoDraw = True
93.7261 	EXP 	New trial (rep=5, index=3): <Trial 38 (3 in rep 5) data={'reward_today': 27, 'future_reward': 50, 'delay': 21, 'thisN': 38, 'thisTrialN': 3, 'thisRepN': 5}>
93.7302 	DATA 	Keypress: l
93.7411 	EXP 	fixation: autoDraw = False
93.7411 	EXP 	text: autoDraw = False
93.7411 	EXP 	text: height = 0.05
93.7411 	EXP 	text: height = 0.05
93.7411 	EXP 	text: height = 0.05
93.7411 	EXP 	text: text = 'GBP 27 today or GBP 50 after 21 days'
93.7411 	EXP 	fixation: autoDraw = True
94.7419 	INFO 	Keyboard events cleared
94.7414 	EXP 	fixation: autoDraw = False
94.7414 	EXP 	text: autoDraw = True
95.4252 	EXP 	New trial (rep=5, index=4): <Trial 39 (4 in rep 5) data={'reward_today': 49, 'future_reward': 60, 'delay': 89, 'thisN': 39, 'thisTrialN': 4, 'thisRepN': 5}>
95.4304 	DATA 	Keypress: l
95.4404 	EXP 	fixation: autoDraw = False
95.4404 	EXP 	text: autoDraw = False
95.4404 	EXP 	text: height = 0.05
95.4404 	EXP 	text: height = 0.05
95.4404 	EXP 	text: height = 0.05
95.4404 	EXP 	text: text = 'GBP 49 today or GBP 60 after 89 days'
95.4404 	EXP 	fixation: autoDraw = True
96.4411 	INFO 	Keyboard events cleared
96.4407 	EXP 	fixation: autoDraw = False
96.4407 	EXP 	text: autoDraw = True
97.9590 	EXP 	New trial (rep=5, index=5): <Trial 40 (5 in rep 5) data={'reward_today': 11, 'future_reward': 30, 'delay': 7, 'thisN': 40, 'thisTrialN': 5, 'thisRepN': 5}>
97.9630 	DATA 	Keypress: l
97.9727 	EXP 	fixation: autoDraw = False
97.9727 	EXP 	text: autoDraw = False
97.9727 	EXP 	text: height = 0.05
97.9727 	EXP 	text: height = 0.05
97.9727 	EXP 	text: height = 0.05
97.9727 	EXP 	text: text = 'GBP 11 today or GBP 30 after 7 days'
97.9727 	EXP 	fixation: autoDraw = True
98.9736 	INFO 	Keyboard events cleared
98.9731 	EXP 	fixation: autoDraw = False
98.9731 	EXP 	text: autoDraw = True
99.4240 	EXP 	New trial (rep=5, index=6): <Trial 41 (6 in rep 5) data={'reward_today': 67, 'future_reward': 75, 'delay': 119, 'thisN': 41, 'thisTrialN': 6, 'thisRepN': 5}>
99.4286 	DATA 	Keypress: l
99.4387 	EXP 	fixation: autoDraw = False
99.4387 	EXP 	text: autoDraw = False
99.4387 	EXP 	text: height = 0.05
99.4387 	EXP 	text: height = 0.05
99.4387 	EXP 	text: height = 0.05
99.4387 	EXP 	text: text = 'GBP 67 today or GBP 75 after 119 days'
99.4387 	EXP 	fixation: autoDraw = True
100.4394 	INFO 	Keyboard events cleared
100.4390 	EXP 	fixation: autoDraw = False
100.4390 	EXP 	text: autoDraw = True
100.9568 	EXP 	New trial (rep=6, index=0): <Trial 42 (0 in rep 6) data={'reward_today': 15, 'future_reward': 35, 'delay': 13, 'thisN': 42, 'thisTrialN': 0, 'thisRepN': 6}>
100.9607 	DATA 	Keypress: t
100.9711 	EXP 	fixation: autoDraw = False
100.9711 	EXP 	text: autoDraw = False
100.9711 	EXP 	text: height = 0.05
100.9711 	EXP 	text: height = 0.05
100.9711 	EXP 	text: height = 0.05
100.9711 	EXP 	text: text = 'GBP 15 today or GBP 35 after 13 days'
100.9711 	EXP 	fixation: autoDraw = True
101.9720 	INFO 	Keyboard events cleared
101.9716 	EXP 	fixation: autoDraw = False
101.9716 	EXP 	text: autoDraw = True
102.4731 	EXP 	New trial (rep=6, index=1): <Trial 43 (1 in rep 6) data={'reward_today': 40, 'future_reward': 55, 'delay': 62, 'thisN': 43, 'thisTrialN': 1, 'thisRepN': 6}>
102.4777 	DATA 	Keypress: l
102.4874 	EXP 	fixation: autoDraw = False
102.4874 	EXP 	text: autoDraw = False
102.4874 	EXP 	text: height = 0.05
102.4874 	EXP 	text: height = 0.05
102.4874 	EXP 	text: height = 0.05
102.4874 	EXP 	text: text = 'GBP 40 today or GBP 55 after 62 days'
102.4874 	EXP 	fixation: autoDraw = True
103.4883 	INFO 	Keyboard events cleared
103.4878 	EXP 	fixation: autoDraw = False
103.4878 	EXP 	text: autoDraw = True
104.1724 	EXP 	New trial (rep=6, index=2): <Trial 44 (2 in rep 6) data={'reward_today': 49, 'future_reward': 60, 'delay': 89, 'thisN': 44, 'thisTrialN': 2, 'thisRepN': 6}>
104.1770 	DATA 	Keypress: l
104.1874 	EXP 	fixation: autoDraw = False
104.1874 	EXP 	text: autoDraw = False
104.1874 	EXP 	text: height = 0.05
104.1874 	EXP 	text: height = 0.05
104.1874 	EXP 	text: height = 0.05
104.1874 	EXP 	text: text = 'GBP 49 today or GBP 60 after 89 days'
104.1874 	EXP 	fixation: autoDraw = True
105.1871 	INFO 	Keyboard events cleared
105.1868 	EXP 	fixation: autoDraw = False
105.1868 	EXP 	text: autoDraw = True
105.9213 	EXP 	New trial (rep=6, index=3): <Trial 45 (3 in rep 6) data={'reward_today': 11, 'future_reward': 30, 'delay': 7, 'thisN': 45, 'thisTrialN': 3, 'thisRepN': 6}>
105.9255 	DATA 	Keypress: l
105.9357 	EXP 	fixation: autoDraw = False
105.9357 	EXP 	text: autoDraw = False
105.9357 	EXP 	text: height = 0.05
105.9357 	EXP 	text: height = 0.05
105.9357 	EXP 	text: height = 0.05
105.9357 	EXP 	text: text = 'GBP 11 today or GBP 30 after 7 days'
105.9357 	EXP 	fixation: autoDraw = True
106.9368 	INFO 	Keyboard events cleared
106.9362 	EXP 	fixation: autoDraw = False
106.9362 	EXP 	text: autoDraw = True
107.7047 	EXP 	New trial (rep=6, index=4): <Trial 46 (4 in rep 6) data={'reward_today': 67, 'future_reward': 75, 'delay': 119, 'thisN': 46, 'thisTrialN': 4, 'thisRepN': 6}>
107.7090 	DATA 	Keypress: l
107.7183 	EXP 	fixation: autoDraw = False
107.7183 	EXP 	text: autoDraw = False
107.7183 	EXP 	text: height = 0.05
107.7183 	EXP 	text: height = 0.05
107.7183 	EXP 	text: height = 0.05
107.7183 	EXP 	text: text = 'GBP 67 today or GBP 75 after 119 days'
107.7183 	EXP 	fixation: autoDraw = True
108.7207 	INFO 	Keyboard events cleared
108.7200 	EXP 	fixation: autoDraw = False
108.7200 	EXP 	text: autoDraw = True
109.0861 	EXP 	New trial (rep=6, index=5): <Trial 47 (5 in rep 6) data={'reward_today': 78, 'future_reward': 80, 'delay': 162, 'thisN': 47, 'thisTrialN': 5, 'thisRepN': 6}>
109.0902 	DATA 	Keypress: t
109.1010 	EXP 	fixation: autoDraw = False
109.1010 	EXP 	text: autoDraw = False
109.1010 	EXP 	text: height = 0.05
109.1010 	EXP 	text: height = 0.05
109.1010 	EXP 	text: height = 0.05
109.1010 	EXP 	text: text = 'GBP 78 today or GBP 80 after 162 days'
109.1010 	EXP 	fixation: autoDraw = True
110.1017 	INFO 	Keyboard events cleared
110.1014 	EXP 	fixation: autoDraw = False
110.1014 	EXP 	text: autoDraw = True
110.6189 	EXP 	New trial (rep=6, index=6): <Trial 48 (6 in rep 6) data={'reward_today': 27, 'future_reward': 50, 'delay': 21, 'thisN': 48, 'thisTrialN': 6, 'thisRepN': 6}>
110.6229 	DATA 	Keypress: l
110.6340 	EXP 	fixation: autoDraw = False
110.6340 	EXP 	text: autoDraw = False
110.6340 	EXP 	text: height = 0.05
110.6340 	EXP 	text: height = 0.05
110.6340 	EXP 	text: height = 0.05
110.6340 	EXP 	text: text = 'GBP 27 today or GBP 50 after 21 days'
110.6340 	EXP 	fixation: autoDraw = True
111.6347 	INFO 	Keyboard events cleared
111.6342 	EXP 	fixation: autoDraw = False
111.6342 	EXP 	text: autoDraw = True
112.2183 	EXP 	New trial (rep=7, index=0): <Trial 49 (0 in rep 7) data={'reward_today': 67, 'future_reward': 75, 'delay': 119, 'thisN': 49, 'thisTrialN': 0, 'thisRepN': 7}>
112.2227 	DATA 	Keypress: l
112.2333 	EXP 	fixation: autoDraw = False
112.2333 	EXP 	text: autoDraw = False
112.2333 	EXP 	text: height = 0.05
112.2333 	EXP 	text: height = 0.05
112.2333 	EXP 	text: height = 0.05
112.2333 	EXP 	text: text = 'GBP 67 today or GBP 75 after 119 days'
112.2333 	EXP 	fixation: autoDraw = True
113.2336 	INFO 	Keyboard events cleared
113.2334 	EXP 	fixation: autoDraw = False
113.2334 	EXP 	text: autoDraw = True
114.1673 	EXP 	New trial (rep=7, index=1): <Trial 50 (1 in rep 7) data={'reward_today': 40, 'future_reward': 55, 'delay': 62, 'thisN': 50, 'thisTrialN': 1, 'thisRepN': 7}>
114.1713 	DATA 	Keypress: t
114.1821 	EXP 	fixation: autoDraw = False
114.1821 	EXP 	text: autoDraw = False
114.1821 	EXP 	text: height = 0.05
114.1821 	EXP 	text: height = 0.05
114.1821 	EXP 	text: height = 0.05
114.1821 	EXP 	text: text = 'GBP 40 today or GBP 55 after 62 days'
114.1821 	EXP 	fixation: autoDraw = True
115.1827 	INFO 	Keyboard events cleared
115.1824 	EXP 	fixation: autoDraw = False
115.1824 	EXP 	text: autoDraw = True
115.6672 	EXP 	New trial (rep=7, index=2): <Trial 51 (2 in rep 7) data={'reward_today': 11, 'future_reward': 30, 'delay': 7, 'thisN': 51, 'thisTrialN': 2, 'thisRepN': 7}>
115.6714 	DATA 	Keypress: l
115.6817 	EXP 	fixation: autoDraw = False
115.6817 	EXP 	text: autoDraw = False
115.6817 	EXP 	text: height = 0.05
115.6817 	EXP 	text: height = 0.05
115.6817 	EXP 	text: height = 0.05
115.6817 	EXP 	text: text = 'GBP 11 today or GBP 30 after 7 days'
115.6817 	EXP 	fixation: autoDraw = True
116.6821 	INFO 	Keyboard events cleared
116.6818 	EXP 	fixation: autoDraw = False
116.6818 	EXP 	text: autoDraw = True
117.1160 	EXP 	New trial (rep=7, index=3): <Trial 52 (3 in rep 7) data={'reward_today': 49, 'future_reward': 60, 'delay': 89, 'thisN': 52, 'thisTrialN': 3, 'thisRepN': 7}>
117.1205 	DATA 	Keypress: l
117.1316 	EXP 	fixation: autoDraw = False
117.1316 	EXP 	text: autoDraw = False
117.1316 	EXP 	text: height = 0.05
117.1316 	EXP 	text: height = 0.05
117.1316 	EXP 	text: height = 0.05
117.1316 	EXP 	text: text = 'GBP 49 today or GBP 60 after 89 days'
117.1316 	EXP 	fixation: autoDraw = True
118.1317 	INFO 	Keyboard events cleared
118.1313 	EXP 	fixation: autoDraw = False
118.1313 	EXP 	text: autoDraw = True
118.6822 	EXP 	New trial (rep=7, index=4): <Trial 53 (4 in rep 7) data={'reward_today': 15, 'future_reward': 35, 'delay': 13, 'thisN': 53, 'thisTrialN': 4, 'thisRepN': 7}>
118.6867 	DATA 	Keypress: l
118.6968 	EXP 	fixation: autoDraw = False
118.6968 	EXP 	text: autoDraw = False
118.6968 	EXP 	text: height = 0.05
118.6968 	EXP 	text: height = 0.05
118.6968 	EXP 	text: height = 0.05
118.6968 	EXP 	text: text = 'GBP 15 today or GBP 35 after 13 days'
118.6968 	EXP 	fixation: autoDraw = True
119.6820 	INFO 	Keyboard events cleared
119.6815 	EXP 	text: autoDraw = True
119.6969 	EXP 	fixation: autoDraw = False
120.8644 	EXP 	New trial (rep=7, index=5): <Trial 54 (5 in rep 7) data={'reward_today': 78, 'future_reward': 80, 'delay': 162, 'thisN': 54, 'thisTrialN': 5, 'thisRepN': 7}>
120.8683 	DATA 	Keypress: l
120.8794 	EXP 	fixation: autoDraw = False
120.8794 	EXP 	text: autoDraw = False
120.8794 	EXP 	text: height = 0.05
120.8794 	EXP 	text: height = 0.05
120.8794 	EXP 	text: height = 0.05
120.8794 	EXP 	text: text = 'GBP 78 today or GBP 80 after 162 days'
120.8794 	EXP 	fixation: autoDraw = True
121.8803 	INFO 	Keyboard events cleared
121.8798 	EXP 	fixation: autoDraw = False
121.8798 	EXP 	text: autoDraw = True
123.8955 	EXP 	text: autoDraw = False
125.8124 	EXP 	New trial (rep=7, index=6): <Trial 55 (6 in rep 7) data={'reward_today': 27, 'future_reward': 50, 'delay': 21, 'thisN': 55, 'thisTrialN': 6, 'thisRepN': 7}>
125.8168 	DATA 	Keypress: t
125.8271 	EXP 	fixation: autoDraw = False
125.8271 	EXP 	text: autoDraw = False
125.8271 	EXP 	text: height = 0.05
125.8271 	EXP 	text: height = 0.05
125.8271 	EXP 	text: height = 0.05
125.8271 	EXP 	text: text = 'GBP 27 today or GBP 50 after 21 days'
125.8271 	EXP 	fixation: autoDraw = True
126.8277 	INFO 	Keyboard events cleared
126.8274 	EXP 	fixation: autoDraw = False
126.8274 	EXP 	text: autoDraw = True
127.3120 	EXP 	New trial (rep=8, index=0): <Trial 56 (0 in rep 8) data={'reward_today': 11, 'future_reward': 30, 'delay': 7, 'thisN': 56, 'thisTrialN': 0, 'thisRepN': 8}>
127.3158 	DATA 	Keypress: l
127.3267 	EXP 	fixation: autoDraw = False
127.3267 	EXP 	text: autoDraw = False
127.3267 	EXP 	text: height = 0.05
127.3267 	EXP 	text: height = 0.05
127.3267 	EXP 	text: height = 0.05
127.3267 	EXP 	text: text = 'GBP 11 today or GBP 30 after 7 days'
127.3267 	EXP 	fixation: autoDraw = True
128.3270 	INFO 	Keyboard events cleared
128.3267 	EXP 	fixation: autoDraw = False
128.3267 	EXP 	text: autoDraw = True
128.7779 	EXP 	New trial (rep=8, index=1): <Trial 57 (1 in rep 8) data={'reward_today': 49, 'future_reward': 60, 'delay': 89, 'thisN': 57, 'thisTrialN': 1, 'thisRepN': 8}>
128.7826 	DATA 	Keypress: l
128.7925 	EXP 	fixation: autoDraw = False
128.7925 	EXP 	text: autoDraw = False
128.7925 	EXP 	text: height = 0.05
128.7925 	EXP 	text: height = 0.05
128.7925 	EXP 	text: height = 0.05
128.7925 	EXP 	text: text = 'GBP 49 today or GBP 60 after 89 days'
128.7925 	EXP 	fixation: autoDraw = True
129.7932 	INFO 	Keyboard events cleared
129.7929 	EXP 	fixation: autoDraw = False
129.7929 	EXP 	text: autoDraw = True
130.1934 	EXP 	New trial (rep=8, index=2): <Trial 58 (2 in rep 8) data={'reward_today': 40, 'future_reward': 55, 'delay': 62, 'thisN': 58, 'thisTrialN': 2, 'thisRepN': 8}>
130.1976 	DATA 	Keypress: l
130.2089 	EXP 	fixation: autoDraw = False
130.2089 	EXP 	text: autoDraw = False
130.2089 	EXP 	text: height = 0.05
130.2089 	EXP 	text: height = 0.05
130.2089 	EXP 	text: height = 0.05
130.2089 	EXP 	text: text = 'GBP 40 today or GBP 55 after 62 days'
130.2089 	EXP 	fixation: autoDraw = True
131.2097 	INFO 	Keyboard events cleared
131.2091 	EXP 	fixation: autoDraw = False
131.2091 	EXP 	text: autoDraw = True
131.5272 	EXP 	New trial (rep=8, index=3): <Trial 59 (3 in rep 8) data={'reward_today': 15, 'future_reward': 35, 'delay': 13, 'thisN': 59, 'thisTrialN': 3, 'thisRepN': 8}>
131.5314 	DATA 	Keypress: l
131.5413 	EXP 	fixation: autoDraw = False
131.5413 	EXP 	text: autoDraw = False
131.5413 	EXP 	text: height = 0.05
131.5413 	EXP 	text: height = 0.05
131.5413 	EXP 	text: height = 0.05
131.5413 	EXP 	text: text = 'GBP 15 today or GBP 35 after 13 days'
131.5413 	EXP 	fixation: autoDraw = True
132.5420 	INFO 	Keyboard events cleared
132.5416 	EXP 	fixation: autoDraw = False
132.5416 	EXP 	text: autoDraw = True
132.9262 	EXP 	New trial (rep=8, index=4): <Trial 60 (4 in rep 8) data={'reward_today': 27, 'future_reward': 50, 'delay': 21, 'thisN': 60, 'thisTrialN': 4, 'thisRepN': 8}>
132.9301 	DATA 	Keypress: l
132.9414 	EXP 	fixation: autoDraw = False
132.9414 	EXP 	text: autoDraw = False
132.9414 	EXP 	text: height = 0.05
132.9414 	EXP 	text: height = 0.05
132.9414 	EXP 	text: height = 0.05
132.9414 	EXP 	text: text = 'GBP 27 today or GBP 50 after 21 days'
132.9414 	EXP 	fixation: autoDraw = True
133.9413 	INFO 	Keyboard events cleared
133.9409 	EXP 	fixation: autoDraw = False
133.9409 	EXP 	text: autoDraw = True
134.2585 	EXP 	New trial (rep=8, index=5): <Trial 61 (5 in rep 8) data={'reward_today': 67, 'future_reward': 75, 'delay': 119, 'thisN': 61, 'thisTrialN': 5, 'thisRepN': 8}>
134.2630 	DATA 	Keypress: l
134.2736 	EXP 	fixation: autoDraw = False
134.2736 	EXP 	text: autoDraw = False
134.2736 	EXP 	text: height = 0.05
134.2736 	EXP 	text: height = 0.05
134.2736 	EXP 	text: height = 0.05
134.2736 	EXP 	text: text = 'GBP 67 today or GBP 75 after 119 days'
134.2736 	EXP 	fixation: autoDraw = True
135.2575 	INFO 	Keyboard events cleared
135.2572 	EXP 	text: autoDraw = True
135.2741 	EXP 	fixation: autoDraw = False
135.7920 	EXP 	New trial (rep=8, index=6): <Trial 62 (6 in rep 8) data={'reward_today': 78, 'future_reward': 80, 'delay': 162, 'thisN': 62, 'thisTrialN': 6, 'thisRepN': 8}>
135.7958 	DATA 	Keypress: t
135.8062 	EXP 	fixation: autoDraw = False
135.8062 	EXP 	text: autoDraw = False
135.8062 	EXP 	text: height = 0.05
135.8062 	EXP 	text: height = 0.05
135.8062 	EXP 	text: height = 0.05
135.8062 	EXP 	text: text = 'GBP 78 today or GBP 80 after 162 days'
135.8062 	EXP 	fixation: autoDraw = True
136.8070 	INFO 	Keyboard events cleared
136.8065 	EXP 	fixation: autoDraw = False
136.8065 	EXP 	text: autoDraw = True
137.2915 	EXP 	New trial (rep=9, index=0): <Trial 63 (0 in rep 9) data={'reward_today': 49, 'future_reward': 60, 'delay': 89, 'thisN': 63, 'thisTrialN': 0, 'thisRepN': 9}>
137.2968 	DATA 	Keypress: l
137.3058 	EXP 	fixation: autoDraw = False
137.3058 	EXP 	text: autoDraw = False
137.3058 	EXP 	text: height = 0.05
137.3058 	EXP 	text: height = 0.05
137.3058 	EXP 	text: height = 0.05
137.3058 	EXP 	text: text = 'GBP 49 today or GBP 60 after 89 days'
137.3058 	EXP 	fixation: autoDraw = True
138.3062 	INFO 	Keyboard events cleared
138.3058 	EXP 	fixation: autoDraw = False
138.3058 	EXP 	text: autoDraw = True
138.8397 	EXP 	New trial (rep=9, index=1): <Trial 64 (1 in rep 9) data={'reward_today': 27, 'future_reward': 50, 'delay': 21, 'thisN': 64, 'thisTrialN': 1, 'thisRepN': 9}>
138.8436 	DATA 	Keypress: l
138.8548 	EXP 	fixation: autoDraw = False
138.8548 	EXP 	text: autoDraw = False
138.8548 	EXP 	text: height = 0.05
138.8548 	EXP 	text: height = 0.05
138.8548 	EXP 	text: height = 0.05
138.8548 	EXP 	text: text = 'GBP 27 today or GBP 50 after 21 days'
138.8548 	EXP 	fixation: autoDraw = True
139.8568 	INFO 	Keyboard events cleared
139.8561 	EXP 	fixation: autoDraw = False
139.8561 	EXP 	text: autoDraw = True
140.3064 	EXP 	New trial (rep=9, index=2): <Trial 65 (2 in rep 9) data={'reward_today': 40, 'future_reward': 55, 'delay': 62, 'thisN': 65, 'thisTrialN': 2, 'thisRepN': 9}>
140.3109 	DATA 	Keypress: l
140.3211 	EXP 	fixation: autoDraw = False
140.3211 	EXP 	text: autoDraw = False
140.3211 	EXP 	text: height = 0.05
140.3211 	EXP 	text: height = 0.05
140.3211 	EXP 	text: height = 0.05
140.3211 	EXP 	text: text = 'GBP 40 today or GBP 55 after 62 days'
140.3211 	EXP 	fixation: autoDraw = True
141.3214 	INFO 	Keyboard events cleared
141.3211 	EXP 	fixation: autoDraw = False
141.3211 	EXP 	text: autoDraw = True
141.7720 	EXP 	New trial (rep=9, index=3): <Trial 66 (3 in rep 9) data={'reward_today': 11, 'future_reward': 30, 'delay': 7, 'thisN': 66, 'thisTrialN': 3, 'thisRepN': 9}>
141.7759 	DATA 	Keypress: l
141.7869 	EXP 	fixation: autoDraw = False
141.7869 	EXP 	text: autoDraw = False
141.7869 	EXP 	text: height = 0.05
141.7869 	EXP 	text: height = 0.05
141.7869 	EXP 	text: height = 0.05
141.7869 	EXP 	text: text = 'GBP 11 today or GBP 30 after 7 days'
141.7869 	EXP 	fixation: autoDraw = True
142.7876 	INFO 	Keyboard events cleared
142.7873 	EXP 	fixation: autoDraw = False
142.7873 	EXP 	text: autoDraw = True
143.2047 	EXP 	New trial (rep=9, index=4): <Trial 67 (4 in rep 9) data={'reward_today': 67, 'future_reward': 75, 'delay': 119, 'thisN': 67, 'thisTrialN': 4, 'thisRepN': 9}>
143.2091 	DATA 	Keypress: l
143.2195 	EXP 	fixation: autoDraw = False
143.2195 	EXP 	text: autoDraw = False
143.2195 	EXP 	text: height = 0.05
143.2195 	EXP 	text: height = 0.05
143.2195 	EXP 	text: height = 0.05
143.2195 	EXP 	text: text = 'GBP 67 today or GBP 75 after 119 days'
143.2195 	EXP 	fixation: autoDraw = True
144.2207 	INFO 	Keyboard events cleared
144.2202 	EXP 	fixation: autoDraw = False
144.2202 	EXP 	text: autoDraw = True
144.7877 	EXP 	New trial (rep=9, index=5): <Trial 68 (5 in rep 9) data={'reward_today': 78, 'future_reward': 80, 'delay': 162, 'thisN': 68, 'thisTrialN': 5, 'thisRepN': 9}>
144.7924 	DATA 	Keypress: t
144.8024 	EXP 	fixation: autoDraw = False
144.8024 	EXP 	text: autoDraw = False
144.8024 	EXP 	text: height = 0.05
144.8024 	EXP 	text: height = 0.05
144.8024 	EXP 	text: height = 0.05
144.8024 	EXP 	text: text = 'GBP 78 today or GBP 80 after 162 days'
144.8024 	EXP 	fixation: autoDraw = True
145.8030 	INFO 	Keyboard events cleared
145.8026 	EXP 	fixation: autoDraw = False
145.8026 	EXP 	text: autoDraw = True
146.3537 	EXP 	New trial (rep=9, index=6): <Trial 69 (6 in rep 9) data={'reward_today': 15, 'future_reward': 35, 'delay': 13, 'thisN': 69, 'thisTrialN': 6, 'thisRepN': 9}>
146.3577 	DATA 	Keypress: t
146.3684 	EXP 	fixation: autoDraw = False
146.3684 	EXP 	text: autoDraw = False
146.3684 	EXP 	text: height = 0.05
146.3684 	EXP 	text: height = 0.05
146.3684 	EXP 	text: height = 0.05
146.3684 	EXP 	text: text = 'GBP 15 today or GBP 35 after 13 days'
146.3684 	EXP 	fixation: autoDraw = True
147.3689 	INFO 	Keyboard events cleared
147.3686 	EXP 	fixation: autoDraw = False
147.3686 	EXP 	text: autoDraw = True
148.0362 	EXP 	New trial (rep=10, index=0): <Trial 70 (0 in rep 10) data={'reward_today': 15, 'future_reward': 35, 'delay': 13, 'thisN': 70, 'thisTrialN': 0, 'thisRepN': 10}>
148.0372 	DATA 	Keypress: l
148.0515 	EXP 	fixation: autoDraw = False
148.0515 	EXP 	text: autoDraw = False
148.0515 	EXP 	text: text = 'GBP 15 today or GBP 35 after 13 days'
148.0515 	EXP 	fixation: autoDraw = True
149.0520 	INFO 	Keyboard events cleared
149.0515 	EXP 	fixation: autoDraw = False
149.0515 	EXP 	text: autoDraw = True
149.5519 	EXP 	New trial (rep=10, index=1): <Trial 71 (1 in rep 10) data={'reward_today': 49, 'future_reward': 60, 'delay': 89, 'thisN': 71, 'thisTrialN': 1, 'thisRepN': 10}>
149.5568 	DATA 	Keypress: l
149.5670 	EXP 	fixation: autoDraw = False
149.5670 	EXP 	text: autoDraw = False
149.5670 	EXP 	text: height = 0.05
149.5670 	EXP 	text: height = 0.05
149.5670 	EXP 	text: height = 0.05
149.5670 	EXP 	text: text = 'GBP 49 today or GBP 60 after 89 days'
149.5670 	EXP 	fixation: autoDraw = True
150.5682 	INFO 	Keyboard events cleared
150.5679 	EXP 	fixation: autoDraw = False
150.5679 	EXP 	text: autoDraw = True
151.0355 	EXP 	New trial (rep=10, index=2): <Trial 72 (2 in rep 10) data={'reward_today': 67, 'future_reward': 75, 'delay': 119, 'thisN': 72, 'thisTrialN': 2, 'thisRepN': 10}>
151.0397 	DATA 	Keypress: l
151.0496 	EXP 	fixation: autoDraw = False
151.0496 	EXP 	text: autoDraw = False
151.0496 	EXP 	text: height = 0.05
151.0496 	EXP 	text: height = 0.05
151.0496 	EXP 	text: height = 0.05
151.0496 	EXP 	text: text = 'GBP 67 today or GBP 75 after 119 days'
151.0496 	EXP 	fixation: autoDraw = True
152.0508 	INFO 	Keyboard events cleared
152.0504 	EXP 	fixation: autoDraw = False
152.0504 	EXP 	text: autoDraw = True
152.5345 	EXP 	New trial (rep=10, index=3): <Trial 73 (3 in rep 10) data={'reward_today': 40, 'future_reward': 55, 'delay': 62, 'thisN': 73, 'thisTrialN': 3, 'thisRepN': 10}>
152.5387 	DATA 	Keypress: t
152.5489 	EXP 	fixation: autoDraw = False
152.5489 	EXP 	text: autoDraw = False
152.5489 	EXP 	text: height = 0.05
152.5489 	EXP 	text: height = 0.05
152.5489 	EXP 	text: height = 0.05
152.5489 	EXP 	text: text = 'GBP 40 today or GBP 55 after 62 days'
152.5489 	EXP 	fixation: autoDraw = True
153.5493 	INFO 	Keyboard events cleared
153.5489 	EXP 	fixation: autoDraw = False
153.5489 	EXP 	text: autoDraw = True
153.9665 	EXP 	New trial (rep=10, index=4): <Trial 74 (4 in rep 10) data={'reward_today': 11, 'future_reward': 30, 'delay': 7, 'thisN': 74, 'thisTrialN': 4, 'thisRepN': 10}>
153.9703 	DATA 	Keypress: l
153.9817 	EXP 	fixation: autoDraw = False
153.9817 	EXP 	text: autoDraw = False
153.9817 	EXP 	text: height = 0.05
153.9817 	EXP 	text: height = 0.05
153.9817 	EXP 	text: height = 0.05
153.9817 	EXP 	text: text = 'GBP 11 today or GBP 30 after 7 days'
153.9817 	EXP 	fixation: autoDraw = True
154.9818 	INFO 	Keyboard events cleared
154.9813 	EXP 	fixation: autoDraw = False
154.9813 	EXP 	text: autoDraw = True
155.3491 	EXP 	New trial (rep=10, index=5): <Trial 75 (5 in rep 10) data={'reward_today': 27, 'future_reward': 50, 'delay': 21, 'thisN': 75, 'thisTrialN': 5, 'thisRepN': 10}>
155.3534 	DATA 	Keypress: l
155.3643 	EXP 	fixation: autoDraw = False
155.3643 	EXP 	text: autoDraw = False
155.3643 	EXP 	text: height = 0.05
155.3643 	EXP 	text: height = 0.05
155.3643 	EXP 	text: height = 0.05
155.3643 	EXP 	text: text = 'GBP 27 today or GBP 50 after 21 days'
155.3643 	EXP 	fixation: autoDraw = True
156.3646 	INFO 	Keyboard events cleared
156.3641 	EXP 	fixation: autoDraw = False
156.3641 	EXP 	text: autoDraw = True
156.7481 	EXP 	New trial (rep=10, index=6): <Trial 76 (6 in rep 10) data={'reward_today': 78, 'future_reward': 80, 'delay': 162, 'thisN': 76, 'thisTrialN': 6, 'thisRepN': 10}>
156.7519 	DATA 	Keypress: l
156.7638 	EXP 	fixation: autoDraw = False
156.7638 	EXP 	text: autoDraw = False
156.7638 	EXP 	text: height = 0.05
156.7638 	EXP 	text: height = 0.05
156.7638 	EXP 	text: height = 0.05
156.7638 	EXP 	text: text = 'GBP 78 today or GBP 80 after 162 days'
156.7638 	EXP 	fixation: autoDraw = True
157.7477 	INFO 	Keyboard events cleared
157.7472 	EXP 	text: autoDraw = True
157.7638 	EXP 	fixation: autoDraw = False
158.0641 	EXP 	New trial (rep=11, index=0): <Trial 77 (0 in rep 11) data={'reward_today': 67, 'future_reward': 75, 'delay': 119, 'thisN': 77, 'thisTrialN': 0, 'thisRepN': 11}>
158.0684 	DATA 	Keypress: l
158.0800 	EXP 	fixation: autoDraw = False
158.0800 	EXP 	text: autoDraw = False
158.0800 	EXP 	text: height = 0.05
158.0800 	EXP 	text: height = 0.05
158.0800 	EXP 	text: height = 0.05
158.0800 	EXP 	text: text = 'GBP 67 today or GBP 75 after 119 days'
158.0800 	EXP 	fixation: autoDraw = True
159.0807 	INFO 	Keyboard events cleared
159.0801 	EXP 	fixation: autoDraw = False
159.0801 	EXP 	text: autoDraw = True
159.4804 	EXP 	New trial (rep=11, index=1): <Trial 78 (1 in rep 11) data={'reward_today': 78, 'future_reward': 80, 'delay': 162, 'thisN': 78, 'thisTrialN': 1, 'thisRepN': 11}>
159.4842 	DATA 	Keypress: t
159.4959 	EXP 	fixation: autoDraw = False
159.4959 	EXP 	text: autoDraw = False
159.4959 	EXP 	text: height = 0.05
159.4959 	EXP 	text: height = 0.05
159.4959 	EXP 	text: height = 0.05
159.4959 	EXP 	text: text = 'GBP 78 today or GBP 80 after 162 days'
159.4959 	EXP 	fixation: autoDraw = True
160.4961 	INFO 	Keyboard events cleared
160.4956 	EXP 	fixation: autoDraw = False
160.4956 	EXP 	text: autoDraw = True
160.7968 	EXP 	New trial (rep=11, index=2): <Trial 79 (2 in rep 11) data={'reward_today': 40, 'future_reward': 55, 'delay': 62, 'thisN': 79, 'thisTrialN': 2, 'thisRepN': 11}>
160.8011 	DATA 	Keypress: t
160.8121 	EXP 	fixation: autoDraw = False
160.8121 	EXP 	text: autoDraw = False
160.8121 	EXP 	text: height = 0.05
160.8121 	EXP 	text: height = 0.05
160.8121 	EXP 	text: height = 0.05
160.8121 	EXP 	text: text = 'GBP 40 today or GBP 55 after 62 days'
160.8121 	EXP 	fixation: autoDraw = True
161.8118 	INFO 	Keyboard events cleared
161.8115 	EXP 	fixation: autoDraw = False
161.8115 	EXP 	text: autoDraw = True
162.1962 	EXP 	New trial (rep=11, index=3): <Trial 80 (3 in rep 11) data={'reward_today': 15, 'future_reward': 35, 'delay': 13, 'thisN': 80, 'thisTrialN': 3, 'thisRepN': 11}>
162.2003 	DATA 	Keypress: l
162.2117 	EXP 	fixation: autoDraw = False
162.2117 	EXP 	text: autoDraw = False
162.2117 	EXP 	text: height = 0.05
162.2117 	EXP 	text: height = 0.05
162.2117 	EXP 	text: height = 0.05
162.2117 	EXP 	text: text = 'GBP 15 today or GBP 35 after 13 days'
162.2117 	EXP 	fixation: autoDraw = True
163.2113 	INFO 	Keyboard events cleared
163.2110 	EXP 	fixation: autoDraw = False
163.2110 	EXP 	text: autoDraw = True
163.7307 	DATA 	Keypress: l
163.7449 	EXP 	New trial (rep=11, index=4): <Trial 81 (4 in rep 11) data={'reward_today': 27, 'future_reward': 50, 'delay': 21, 'thisN': 81, 'thisTrialN': 4, 'thisRepN': 11}>
163.7609 	EXP 	fixation: autoDraw = False
163.7609 	EXP 	text: autoDraw = False
163.7609 	EXP 	text: height = 0.05
163.7609 	EXP 	text: height = 0.05
163.7609 	EXP 	text: height = 0.05
163.7609 	EXP 	text: text = 'GBP 27 today or GBP 50 after 21 days'
163.7609 	EXP 	fixation: autoDraw = True
164.7445 	INFO 	Keyboard events cleared
164.7441 	EXP 	text: autoDraw = True
164.7602 	EXP 	fixation: autoDraw = False
165.1785 	EXP 	New trial (rep=11, index=5): <Trial 82 (5 in rep 11) data={'reward_today': 11, 'future_reward': 30, 'delay': 7, 'thisN': 82, 'thisTrialN': 5, 'thisRepN': 11}>
165.1825 	DATA 	Keypress: l
165.1938 	EXP 	fixation: autoDraw = False
165.1938 	EXP 	text: autoDraw = False
165.1938 	EXP 	text: height = 0.05
165.1938 	EXP 	text: height = 0.05
165.1938 	EXP 	text: height = 0.05
165.1938 	EXP 	text: text = 'GBP 11 today or GBP 30 after 7 days'
165.1938 	EXP 	fixation: autoDraw = True
166.1939 	INFO 	Keyboard events cleared
166.1935 	EXP 	fixation: autoDraw = False
166.1935 	EXP 	text: autoDraw = True
166.6616 	EXP 	New trial (rep=11, index=6): <Trial 83 (6 in rep 11) data={'reward_today': 49, 'future_reward': 60, 'delay': 89, 'thisN': 83, 'thisTrialN': 6, 'thisRepN': 11}>
166.6664 	DATA 	Keypress: l
166.6764 	EXP 	fixation: autoDraw = False
166.6764 	EXP 	text: autoDraw = False
166.6764 	EXP 	text: height = 0.05
166.6764 	EXP 	text: height = 0.05
166.6764 	EXP 	text: height = 0.05
166.6764 	EXP 	text: text = 'GBP 49 today or GBP 60 after 89 days'
166.6764 	EXP 	fixation: autoDraw = True
167.6759 	INFO 	Keyboard events cleared
167.6756 	EXP 	fixation: autoDraw = False
167.6756 	EXP 	text: autoDraw = True
168.3600 	EXP 	New trial (rep=12, index=0): <Trial 84 (0 in rep 12) data={'reward_today': 78, 'future_reward': 80, 'delay': 162, 'thisN': 84, 'thisTrialN': 0, 'thisRepN': 12}>
168.3637 	DATA 	Keypress: l
168.3754 	EXP 	fixation: autoDraw = False
168.3754 	EXP 	text: autoDraw = False
168.3754 	EXP 	text: height = 0.05
168.3754 	EXP 	text: height = 0.05
168.3754 	EXP 	text: height = 0.05
168.3754 	EXP 	text: text = 'GBP 78 today or GBP 80 after 162 days'
168.3754 	EXP 	fixation: autoDraw = True
169.3751 	INFO 	Keyboard events cleared
169.3749 	EXP 	fixation: autoDraw = False
169.3749 	EXP 	text: autoDraw = True
169.7424 	EXP 	New trial (rep=12, index=1): <Trial 85 (1 in rep 12) data={'reward_today': 67, 'future_reward': 75, 'delay': 119, 'thisN': 85, 'thisTrialN': 1, 'thisRepN': 12}>
169.7467 	DATA 	Keypress: t
169.7581 	EXP 	fixation: autoDraw = False
169.7581 	EXP 	text: autoDraw = False
169.7581 	EXP 	text: height = 0.05
169.7581 	EXP 	text: height = 0.05
169.7581 	EXP 	text: height = 0.05
169.7581 	EXP 	text: text = 'GBP 67 today or GBP 75 after 119 days'
169.7581 	EXP 	fixation: autoDraw = True
170.7583 	INFO 	Keyboard events cleared
170.7579 	EXP 	fixation: autoDraw = False
170.7579 	EXP 	text: autoDraw = True
171.3758 	EXP 	New trial (rep=12, index=2): <Trial 86 (2 in rep 12) data={'reward_today': 40, 'future_reward': 55, 'delay': 62, 'thisN': 86, 'thisTrialN': 2, 'thisRepN': 12}>
171.3799 	DATA 	Keypress: t
171.3907 	EXP 	fixation: autoDraw = False
171.3907 	EXP 	text: autoDraw = False
171.3907 	EXP 	text: height = 0.05
171.3907 	EXP 	text: height = 0.05
171.3907 	EXP 	text: height = 0.05
171.3907 	EXP 	text: text = 'GBP 40 today or GBP 55 after 62 days'
171.3907 	EXP 	fixation: autoDraw = True
172.3906 	INFO 	Keyboard events cleared
172.3902 	EXP 	fixation: autoDraw = False
172.3902 	EXP 	text: autoDraw = True
172.8911 	EXP 	New trial (rep=12, index=3): <Trial 87 (3 in rep 12) data={'reward_today': 49, 'future_reward': 60, 'delay': 89, 'thisN': 87, 'thisTrialN': 3, 'thisRepN': 12}>
172.8962 	DATA 	Keypress: l
172.9072 	EXP 	fixation: autoDraw = False
172.9072 	EXP 	text: autoDraw = False
172.9072 	EXP 	text: height = 0.05
172.9072 	EXP 	text: height = 0.05
172.9072 	EXP 	text: height = 0.05
172.9072 	EXP 	text: text = 'GBP 49 today or GBP 60 after 89 days'
172.9072 	EXP 	fixation: autoDraw = True
173.9066 	INFO 	Keyboard events cleared
173.9063 	EXP 	fixation: autoDraw = False
173.9063 	EXP 	text: autoDraw = True
174.3242 	EXP 	New trial (rep=12, index=4): <Trial 88 (4 in rep 12) data={'reward_today': 27, 'future_reward': 50, 'delay': 21, 'thisN': 88, 'thisTrialN': 4, 'thisRepN': 12}>
174.3284 	DATA 	Keypress: l
174.3396 	EXP 	fixation: autoDraw = False
174.3396 	EXP 	text: autoDraw = False
174.3396 	EXP 	text: height = 0.05
174.3396 	EXP 	text: height = 0.05
174.3396 	EXP 	text: height = 0.05
174.3396 	EXP 	text: text = 'GBP 27 today or GBP 50 after 21 days'
174.3396 	EXP 	fixation: autoDraw = True
175.3393 	INFO 	Keyboard events cleared
175.3390 	EXP 	fixation: autoDraw = False
175.3390 	EXP 	text: autoDraw = True
175.7236 	EXP 	New trial (rep=12, index=5): <Trial 89 (5 in rep 12) data={'reward_today': 11, 'future_reward': 30, 'delay': 7, 'thisN': 89, 'thisTrialN': 5, 'thisRepN': 12}>
175.7279 	DATA 	Keypress: l
175.7391 	EXP 	fixation: autoDraw = False
175.7391 	EXP 	text: autoDraw = False
175.7391 	EXP 	text: height = 0.05
175.7391 	EXP 	text: height = 0.05
175.7391 	EXP 	text: height = 0.05
175.7391 	EXP 	text: text = 'GBP 11 today or GBP 30 after 7 days'
175.7391 	EXP 	fixation: autoDraw = True
176.7386 	INFO 	Keyboard events cleared
176.7383 	EXP 	fixation: autoDraw = False
176.7383 	EXP 	text: autoDraw = True
177.1225 	EXP 	New trial (rep=12, index=6): <Trial 90 (6 in rep 12) data={'reward_today': 15, 'future_reward': 35, 'delay': 13, 'thisN': 90, 'thisTrialN': 6, 'thisRepN': 12}>
177.1264 	DATA 	Keypress: l
177.1385 	EXP 	fixation: autoDraw = False
177.1385 	EXP 	text: autoDraw = False
177.1385 	EXP 	text: height = 0.05
177.1385 	EXP 	text: height = 0.05
177.1385 	EXP 	text: height = 0.05
177.1385 	EXP 	text: text = 'GBP 15 today or GBP 35 after 13 days'
177.1385 	EXP 	fixation: autoDraw = True
178.1381 	INFO 	Keyboard events cleared
178.1378 	EXP 	fixation: autoDraw = False
178.1378 	EXP 	text: autoDraw = True
178.4886 	EXP 	New trial (rep=13, index=0): <Trial 91 (0 in rep 13) data={'reward_today': 49, 'future_reward': 60, 'delay': 89, 'thisN': 91, 'thisTrialN': 0, 'thisRepN': 13}>
178.4934 	DATA 	Keypress: l
178.5046 	EXP 	fixation: autoDraw = False
178.5046 	EXP 	text: autoDraw = False
178.5046 	EXP 	text: height = 0.05
178.5046 	EXP 	text: height = 0.05
178.5046 	EXP 	text: height = 0.05
178.5046 	EXP 	text: text = 'GBP 49 today or GBP 60 after 89 days'
178.5046 	EXP 	fixation: autoDraw = True
179.5046 	INFO 	Keyboard events cleared
179.5042 	EXP 	fixation: autoDraw = False
179.5042 	EXP 	text: autoDraw = True
179.8881 	EXP 	New trial (rep=13, index=1): <Trial 92 (1 in rep 13) data={'reward_today': 67, 'future_reward': 75, 'delay': 119, 'thisN': 92, 'thisTrialN': 1, 'thisRepN': 13}>
179.8924 	DATA 	Keypress: l
179.9040 	EXP 	fixation: autoDraw = False
179.9040 	EXP 	text: autoDraw = False
179.9040 	EXP 	text: height = 0.05
179.9040 	EXP 	text: height = 0.05
179.9040 	EXP 	text: height = 0.05
179.9040 	EXP 	text: text = 'GBP 67 today or GBP 75 after 119 days'
179.9040 	EXP 	fixation: autoDraw = True
180.8869 	INFO 	Keyboard events cleared
180.8866 	EXP 	text: autoDraw = True
180.9036 	EXP 	fixation: autoDraw = False
181.5209 	EXP 	New trial (rep=13, index=2): <Trial 93 (2 in rep 13) data={'reward_today': 27, 'future_reward': 50, 'delay': 21, 'thisN': 93, 'thisTrialN': 2, 'thisRepN': 13}>
181.5250 	DATA 	Keypress: t
181.5371 	EXP 	fixation: autoDraw = False
181.5371 	EXP 	text: autoDraw = False
181.5371 	EXP 	text: height = 0.05
181.5371 	EXP 	text: height = 0.05
181.5371 	EXP 	text: height = 0.05
181.5371 	EXP 	text: text = 'GBP 27 today or GBP 50 after 21 days'
181.5371 	EXP 	fixation: autoDraw = True
182.5202 	INFO 	Keyboard events cleared
182.5197 	EXP 	text: autoDraw = True
182.5364 	EXP 	fixation: autoDraw = False
183.0706 	EXP 	New trial (rep=13, index=3): <Trial 94 (3 in rep 13) data={'reward_today': 78, 'future_reward': 80, 'delay': 162, 'thisN': 94, 'thisTrialN': 3, 'thisRepN': 13}>
183.0748 	DATA 	Keypress: l
183.0860 	EXP 	fixation: autoDraw = False
183.0860 	EXP 	text: autoDraw = False
183.0860 	EXP 	text: height = 0.05
183.0860 	EXP 	text: height = 0.05
183.0860 	EXP 	text: height = 0.05
183.0860 	EXP 	text: text = 'GBP 78 today or GBP 80 after 162 days'
183.0860 	EXP 	fixation: autoDraw = True
184.0859 	INFO 	Keyboard events cleared
184.0855 	EXP 	fixation: autoDraw = False
184.0855 	EXP 	text: autoDraw = True
184.6036 	EXP 	New trial (rep=13, index=4): <Trial 95 (4 in rep 13) data={'reward_today': 11, 'future_reward': 30, 'delay': 7, 'thisN': 95, 'thisTrialN': 4, 'thisRepN': 13}>
184.6079 	DATA 	Keypress: t
184.6183 	EXP 	fixation: autoDraw = False
184.6183 	EXP 	text: autoDraw = False
184.6183 	EXP 	text: height = 0.05
184.6183 	EXP 	text: height = 0.05
184.6183 	EXP 	text: height = 0.05
184.6183 	EXP 	text: text = 'GBP 11 today or GBP 30 after 7 days'
184.6183 	EXP 	fixation: autoDraw = True
185.6187 	INFO 	Keyboard events cleared
185.6182 	EXP 	fixation: autoDraw = False
185.6182 	EXP 	text: autoDraw = True
186.1524 	EXP 	New trial (rep=13, index=5): <Trial 96 (5 in rep 13) data={'reward_today': 15, 'future_reward': 35, 'delay': 13, 'thisN': 96, 'thisTrialN': 5, 'thisRepN': 13}>
186.1562 	DATA 	Keypress: l
186.1679 	EXP 	fixation: autoDraw = False
186.1679 	EXP 	text: autoDraw = False
186.1679 	EXP 	text: height = 0.05
186.1679 	EXP 	text: height = 0.05
186.1679 	EXP 	text: height = 0.05
186.1679 	EXP 	text: text = 'GBP 15 today or GBP 35 after 13 days'
186.1679 	EXP 	fixation: autoDraw = True
187.1678 	INFO 	Keyboard events cleared
187.1674 	EXP 	fixation: autoDraw = False
187.1674 	EXP 	text: autoDraw = True
187.4682 	EXP 	New trial (rep=13, index=6): <Trial 97 (6 in rep 13) data={'reward_today': 40, 'future_reward': 55, 'delay': 62, 'thisN': 97, 'thisTrialN': 6, 'thisRepN': 13}>
187.4724 	DATA 	Keypress: l
187.4837 	EXP 	fixation: autoDraw = False
187.4837 	EXP 	text: autoDraw = False
187.4837 	EXP 	text: height = 0.05
187.4837 	EXP 	text: height = 0.05
187.4837 	EXP 	text: height = 0.05
187.4837 	EXP 	text: text = 'GBP 40 today or GBP 55 after 62 days'
187.4837 	EXP 	fixation: autoDraw = True
188.4836 	INFO 	Keyboard events cleared
188.4833 	EXP 	fixation: autoDraw = False
188.4833 	EXP 	text: autoDraw = True
188.8509 	EXP 	New trial (rep=14, index=0): <Trial 98 (0 in rep 14) data={'reward_today': 49, 'future_reward': 60, 'delay': 89, 'thisN': 98, 'thisTrialN': 0, 'thisRepN': 14}>
188.8553 	DATA 	Keypress: l
188.8667 	EXP 	fixation: autoDraw = False
188.8667 	EXP 	text: autoDraw = False
188.8667 	EXP 	text: height = 0.05
188.8667 	EXP 	text: height = 0.05
188.8667 	EXP 	text: height = 0.05
188.8667 	EXP 	text: text = 'GBP 49 today or GBP 60 after 89 days'
188.8667 	EXP 	fixation: autoDraw = True
189.8664 	INFO 	Keyboard events cleared
189.8661 	EXP 	fixation: autoDraw = False
189.8661 	EXP 	text: autoDraw = True
190.2003 	EXP 	New trial (rep=14, index=1): <Trial 99 (1 in rep 14) data={'reward_today': 27, 'future_reward': 50, 'delay': 21, 'thisN': 99, 'thisTrialN': 1, 'thisRepN': 14}>
190.2047 	DATA 	Keypress: l
190.2160 	EXP 	fixation: autoDraw = False
190.2160 	EXP 	text: autoDraw = False
190.2160 	EXP 	text: height = 0.05
190.2160 	EXP 	text: height = 0.05
190.2160 	EXP 	text: height = 0.05
190.2160 	EXP 	text: text = 'GBP 27 today or GBP 50 after 21 days'
190.2160 	EXP 	fixation: autoDraw = True
191.2163 	INFO 	Keyboard events cleared
191.2158 	EXP 	fixation: autoDraw = False
191.2158 	EXP 	text: autoDraw = True
192.7666 	EXP 	New trial (rep=14, index=2): <Trial 100 (2 in rep 14) data={'reward_today': 15, 'future_reward': 35, 'delay': 13, 'thisN': 100, 'thisTrialN': 2, 'thisRepN': 14}>
192.7704 	DATA 	Keypress: l
192.7815 	EXP 	fixation: autoDraw = False
192.7815 	EXP 	text: autoDraw = False
192.7815 	EXP 	text: height = 0.05
192.7815 	EXP 	text: height = 0.05
192.7815 	EXP 	text: height = 0.05
192.7815 	EXP 	text: text = 'GBP 15 today or GBP 35 after 13 days'
192.7815 	EXP 	fixation: autoDraw = True
193.7817 	INFO 	Keyboard events cleared
193.7813 	EXP 	fixation: autoDraw = False
193.7813 	EXP 	text: autoDraw = True
194.2985 	EXP 	New trial (rep=14, index=3): <Trial 101 (3 in rep 14) data={'reward_today': 40, 'future_reward': 55, 'delay': 62, 'thisN': 101, 'thisTrialN': 3, 'thisRepN': 14}>
194.3026 	DATA 	Keypress: l
194.3145 	EXP 	fixation: autoDraw = False
194.3145 	EXP 	text: autoDraw = False
194.3145 	EXP 	text: height = 0.05
194.3145 	EXP 	text: height = 0.05
194.3145 	EXP 	text: height = 0.05
194.3145 	EXP 	text: text = 'GBP 40 today or GBP 55 after 62 days'
194.3145 	EXP 	fixation: autoDraw = True
195.3140 	INFO 	Keyboard events cleared
195.3137 	EXP 	fixation: autoDraw = False
195.3137 	EXP 	text: autoDraw = True
196.0986 	EXP 	New trial (rep=14, index=4): <Trial 102 (4 in rep 14) data={'reward_today': 67, 'future_reward': 75, 'delay': 119, 'thisN': 102, 'thisTrialN': 4, 'thisRepN': 14}>
196.1030 	DATA 	Keypress: l
196.1136 	EXP 	fixation: autoDraw = False
196.1136 	EXP 	text: autoDraw = False
196.1136 	EXP 	text: height = 0.05
196.1136 	EXP 	text: height = 0.05
196.1136 	EXP 	text: height = 0.05
196.1136 	EXP 	text: text = 'GBP 67 today or GBP 75 after 119 days'
196.1136 	EXP 	fixation: autoDraw = True
197.1139 	INFO 	Keyboard events cleared
197.1135 	EXP 	fixation: autoDraw = False
197.1135 	EXP 	text: autoDraw = True
197.8639 	EXP 	New trial (rep=14, index=5): <Trial 103 (5 in rep 14) data={'reward_today': 11, 'future_reward': 30, 'delay': 7, 'thisN': 103, 'thisTrialN': 5, 'thisRepN': 14}>
197.8680 	DATA 	Keypress: t
197.8796 	EXP 	fixation: autoDraw = False
197.8796 	EXP 	text: autoDraw = False
197.8796 	EXP 	text: height = 0.05
197.8796 	EXP 	text: height = 0.05
197.8796 	EXP 	text: height = 0.05
197.8796 	EXP 	text: text = 'GBP 11 today or GBP 30 after 7 days'
197.8796 	EXP 	fixation: autoDraw = True
198.8797 	INFO 	Keyboard events cleared
198.8792 	EXP 	fixation: autoDraw = False
198.8792 	EXP 	text: autoDraw = True
199.2966 	EXP 	New trial (rep=14, index=6): <Trial 104 (6 in rep 14) data={'reward_today': 78, 'future_reward': 80, 'delay': 162, 'thisN': 104, 'thisTrialN': 6, 'thisRepN': 14}>
199.3008 	DATA 	Keypress: l
199.3121 	EXP 	fixation: autoDraw = False
199.3121 	EXP 	text: autoDraw = False
199.3121 	EXP 	text: height = 0.05
199.3121 	EXP 	text: height = 0.05
199.3121 	EXP 	text: height = 0.05
199.3121 	EXP 	text: text = 'GBP 78 today or GBP 80 after 162 days'
199.3121 	EXP 	fixation: autoDraw = True
200.3123 	INFO 	Keyboard events cleared
200.3119 	EXP 	fixation: autoDraw = False
200.3119 	EXP 	text: autoDraw = True
200.7798 	EXP 	New trial (rep=15, index=0): <Trial 105 (0 in rep 15) data={'reward_today': 67, 'future_reward': 75, 'delay': 119, 'thisN': 105, 'thisTrialN': 0, 'thisRepN': 15}>
200.7842 	DATA 	Keypress: t
200.7948 	EXP 	fixation: autoDraw = False
200.7948 	EXP 	text: autoDraw = False
200.7948 	EXP 	text: height = 0.05
200.7948 	EXP 	text: height = 0.05
200.7948 	EXP 	text: height = 0.05
200.7948 	EXP 	text: text = 'GBP 67 today or GBP 75 after 119 days'
200.7948 	EXP 	fixation: autoDraw = True
201.7950 	INFO 	Keyboard events cleared
201.7945 	EXP 	fixation: autoDraw = False
201.7945 	EXP 	text: autoDraw = True
202.2619 	EXP 	New trial (rep=15, index=1): <Trial 106 (1 in rep 15) data={'reward_today': 11, 'future_reward': 30, 'delay': 7, 'thisN': 106, 'thisTrialN': 1, 'thisRepN': 15}>
202.2661 	DATA 	Keypress: l
202.2778 	EXP 	fixation: autoDraw = False
202.2778 	EXP 	text: autoDraw = False
202.2778 	EXP 	text: height = 0.05
202.2778 	EXP 	text: height = 0.05
202.2778 	EXP 	text: height = 0.05
202.2778 	EXP 	text: text = 'GBP 11 today or GBP 30 after 7 days'
202.2778 	EXP 	fixation: autoDraw = True
203.2776 	INFO 	Keyboard events cleared
203.2772 	EXP 	fixation: autoDraw = False
203.2772 	EXP 	text: autoDraw = True
203.6949 	EXP 	New trial (rep=15, index=2): <Trial 107 (2 in rep 15) data={'reward_today': 49, 'future_reward': 60, 'delay': 89, 'thisN': 107, 'thisTrialN': 2, 'thisRepN': 15}>
203.7000 	DATA 	Keypress: l
203.7102 	EXP 	fixation: autoDraw = False
203.7102 	EXP 	text: autoDraw = False
203.7102 	EXP 	text: height = 0.05
203.7102 	EXP 	text: height = 0.05
203.7102 	EXP 	text: height = 0.05
203.7102 	EXP 	text: text = 'GBP 49 today or GBP 60 after 89 days'
203.7102 	EXP 	fixation: autoDraw = True
204.7105 	INFO 	Keyboard events cleared
204.7100 	EXP 	fixation: autoDraw = False
204.7100 	EXP 	text: autoDraw = True
205.1276 	EXP 	New trial (rep=15, index=3): <Trial 108 (3 in rep 15) data={'reward_today': 15, 'future_reward': 35, 'delay': 13, 'thisN': 108, 'thisTrialN': 3, 'thisRepN': 15}>
205.1314 	DATA 	Keypress: l
205.1429 	EXP 	fixation: autoDraw = False
205.1429 	EXP 	text: autoDraw = False
205.1429 	EXP 	text: height = 0.05
205.1429 	EXP 	text: height = 0.05
205.1429 	EXP 	text: height = 0.05
205.1429 	EXP 	text: text = 'GBP 15 today or GBP 35 after 13 days'
205.1429 	EXP 	fixation: autoDraw = True
206.1434 	INFO 	Keyboard events cleared
206.1430 	EXP 	fixation: autoDraw = False
206.1430 	EXP 	text: autoDraw = True
207.0102 	EXP 	New trial (rep=15, index=4): <Trial 109 (4 in rep 15) data={'reward_today': 27, 'future_reward': 50, 'delay': 21, 'thisN': 109, 'thisTrialN': 4, 'thisRepN': 15}>
207.0144 	DATA 	Keypress: l
207.0253 	EXP 	fixation: autoDraw = False
207.0253 	EXP 	text: autoDraw = False
207.0253 	EXP 	text: height = 0.05
207.0253 	EXP 	text: height = 0.05
207.0253 	EXP 	text: height = 0.05
207.0253 	EXP 	text: text = 'GBP 27 today or GBP 50 after 21 days'
207.0253 	EXP 	fixation: autoDraw = True
208.0254 	INFO 	Keyboard events cleared
208.0251 	EXP 	fixation: autoDraw = False
208.0251 	EXP 	text: autoDraw = True
208.6257 	EXP 	New trial (rep=15, index=5): <Trial 110 (5 in rep 15) data={'reward_today': 78, 'future_reward': 80, 'delay': 162, 'thisN': 110, 'thisTrialN': 5, 'thisRepN': 15}>
208.6294 	DATA 	Keypress: l
208.6415 	EXP 	fixation: autoDraw = False
208.6415 	EXP 	text: autoDraw = False
208.6415 	EXP 	text: height = 0.05
208.6415 	EXP 	text: height = 0.05
208.6415 	EXP 	text: height = 0.05
208.6415 	EXP 	text: text = 'GBP 78 today or GBP 80 after 162 days'
208.6415 	EXP 	fixation: autoDraw = True
209.6411 	INFO 	Keyboard events cleared
209.6408 	EXP 	fixation: autoDraw = False
209.6408 	EXP 	text: autoDraw = True
210.2089 	EXP 	New trial (rep=15, index=6): <Trial 111 (6 in rep 15) data={'reward_today': 40, 'future_reward': 55, 'delay': 62, 'thisN': 111, 'thisTrialN': 6, 'thisRepN': 15}>
210.2135 	DATA 	Keypress: t
210.2241 	EXP 	fixation: autoDraw = False
210.2241 	EXP 	text: autoDraw = False
210.2241 	EXP 	text: height = 0.05
210.2241 	EXP 	text: height = 0.05
210.2241 	EXP 	text: height = 0.05
210.2241 	EXP 	text: text = 'GBP 40 today or GBP 55 after 62 days'
210.2241 	EXP 	fixation: autoDraw = True
211.2238 	INFO 	Keyboard events cleared
211.2235 	EXP 	fixation: autoDraw = False
211.2235 	EXP 	text: autoDraw = True
211.7081 	EXP 	New trial (rep=16, index=0): <Trial 112 (0 in rep 16) data={'reward_today': 40, 'future_reward': 55, 'delay': 62, 'thisN': 112, 'thisTrialN': 0, 'thisRepN': 16}>
211.7093 	DATA 	Keypress: l
211.7235 	EXP 	fixation: autoDraw = False
211.7235 	EXP 	text: autoDraw = False
211.7235 	EXP 	text: text = 'GBP 40 today or GBP 55 after 62 days'
211.7235 	EXP 	fixation: autoDraw = True
212.7232 	INFO 	Keyboard events cleared
212.7229 	EXP 	fixation: autoDraw = False
212.7229 	EXP 	text: autoDraw = True
214.7220 	EXP 	text: autoDraw = False
216.1564 	EXP 	New trial (rep=16, index=1): <Trial 113 (1 in rep 16) data={'reward_today': 11, 'future_reward': 30, 'delay': 7, 'thisN': 113, 'thisTrialN': 1, 'thisRepN': 16}>
216.1605 	DATA 	Keypress: t
216.1715 	EXP 	fixation: autoDraw = False
216.1715 	EXP 	text: autoDraw = False
216.1715 	EXP 	text: height = 0.05
216.1715 	EXP 	text: height = 0.05
216.1715 	EXP 	text: height = 0.05
216.1715 	EXP 	text: text = 'GBP 11 today or GBP 30 after 7 days'
216.1715 	EXP 	fixation: autoDraw = True
217.1718 	INFO 	Keyboard events cleared
217.1713 	EXP 	fixation: autoDraw = False
217.1713 	EXP 	text: autoDraw = True
219.1701 	EXP 	text: autoDraw = False
223.9860 	EXP 	New trial (rep=16, index=2): <Trial 114 (2 in rep 16) data={'reward_today': 15, 'future_reward': 35, 'delay': 13, 'thisN': 114, 'thisTrialN': 2, 'thisRepN': 16}>
223.9900 	DATA 	Keypress: t
224.0017 	EXP 	fixation: autoDraw = False
224.0017 	EXP 	text: autoDraw = False
224.0017 	EXP 	text: height = 0.05
224.0017 	EXP 	text: height = 0.05
224.0017 	EXP 	text: height = 0.05
224.0017 	EXP 	text: text = 'GBP 15 today or GBP 35 after 13 days'
224.0017 	EXP 	fixation: autoDraw = True
225.0015 	INFO 	Keyboard events cleared
225.0010 	EXP 	fixation: autoDraw = False
225.0010 	EXP 	text: autoDraw = True
227.0002 	EXP 	text: autoDraw = False
227.4678 	EXP 	New trial (rep=16, index=3): <Trial 115 (3 in rep 16) data={'reward_today': 67, 'future_reward': 75, 'delay': 119, 'thisN': 115, 'thisTrialN': 3, 'thisRepN': 16}>
227.4724 	DATA 	Keypress: l
227.4835 	EXP 	fixation: autoDraw = False
227.4835 	EXP 	text: autoDraw = False
227.4835 	EXP 	text: height = 0.05
227.4835 	EXP 	text: height = 0.05
227.4835 	EXP 	text: height = 0.05
227.4835 	EXP 	text: text = 'GBP 67 today or GBP 75 after 119 days'
227.4835 	EXP 	fixation: autoDraw = True
228.4833 	INFO 	Keyboard events cleared
228.4830 	EXP 	fixation: autoDraw = False
228.4830 	EXP 	text: autoDraw = True
229.2838 	EXP 	New trial (rep=16, index=4): <Trial 116 (4 in rep 16) data={'reward_today': 27, 'future_reward': 50, 'delay': 21, 'thisN': 116, 'thisTrialN': 4, 'thisRepN': 16}>
229.2876 	DATA 	Keypress: t
229.2992 	EXP 	fixation: autoDraw = False
229.2992 	EXP 	text: autoDraw = False
229.2992 	EXP 	text: height = 0.05
229.2992 	EXP 	text: height = 0.05
229.2992 	EXP 	text: height = 0.05
229.2992 	EXP 	text: text = 'GBP 27 today or GBP 50 after 21 days'
229.2992 	EXP 	fixation: autoDraw = True
230.2991 	INFO 	Keyboard events cleared
230.2988 	EXP 	fixation: autoDraw = False
230.2988 	EXP 	text: autoDraw = True
230.9336 	EXP 	New trial (rep=16, index=5): <Trial 117 (5 in rep 16) data={'reward_today': 78, 'future_reward': 80, 'delay': 162, 'thisN': 117, 'thisTrialN': 5, 'thisRepN': 16}>
230.9379 	DATA 	Keypress: l
230.9496 	EXP 	fixation: autoDraw = False
230.9496 	EXP 	text: autoDraw = False
230.9496 	EXP 	text: height = 0.05
230.9496 	EXP 	text: height = 0.05
230.9496 	EXP 	text: height = 0.05
230.9496 	EXP 	text: text = 'GBP 78 today or GBP 80 after 162 days'
230.9496 	EXP 	fixation: autoDraw = True
231.9488 	INFO 	Keyboard events cleared
231.9483 	EXP 	text: autoDraw = True
231.9645 	EXP 	fixation: autoDraw = False
233.9641 	EXP 	text: autoDraw = False
234.0486 	EXP 	New trial (rep=16, index=6): <Trial 118 (6 in rep 16) data={'reward_today': 49, 'future_reward': 60, 'delay': 89, 'thisN': 118, 'thisTrialN': 6, 'thisRepN': 16}>
234.0532 	DATA 	Keypress: t
234.0638 	EXP 	fixation: autoDraw = False
234.0638 	EXP 	text: autoDraw = False
234.0638 	EXP 	text: height = 0.05
234.0638 	EXP 	text: height = 0.05
234.0638 	EXP 	text: height = 0.05
234.0638 	EXP 	text: text = 'GBP 49 today or GBP 60 after 89 days'
234.0638 	EXP 	fixation: autoDraw = True
235.0636 	INFO 	Keyboard events cleared
235.0632 	EXP 	fixation: autoDraw = False
235.0632 	EXP 	text: autoDraw = True
235.4141 	EXP 	New trial (rep=17, index=0): <Trial 119 (0 in rep 17) data={'reward_today': 78, 'future_reward': 80, 'delay': 162, 'thisN': 119, 'thisTrialN': 0, 'thisRepN': 17}>
235.4183 	DATA 	Keypress: l
235.4297 	EXP 	fixation: autoDraw = False
235.4297 	EXP 	text: autoDraw = False
235.4297 	EXP 	text: height = 0.05
235.4297 	EXP 	text: height = 0.05
235.4297 	EXP 	text: height = 0.05
235.4297 	EXP 	text: text = 'GBP 78 today or GBP 80 after 162 days'
235.4297 	EXP 	fixation: autoDraw = True
236.4295 	INFO 	Keyboard events cleared
236.4293 	EXP 	fixation: autoDraw = False
236.4293 	EXP 	text: autoDraw = True
236.9306 	EXP 	New trial (rep=17, index=1): <Trial 120 (1 in rep 17) data={'reward_today': 67, 'future_reward': 75, 'delay': 119, 'thisN': 120, 'thisTrialN': 1, 'thisRepN': 17}>
236.9346 	DATA 	Keypress: t
236.9458 	EXP 	fixation: autoDraw = False
236.9458 	EXP 	text: autoDraw = False
236.9458 	EXP 	text: height = 0.05
236.9458 	EXP 	text: height = 0.05
236.9458 	EXP 	text: height = 0.05
236.9458 	EXP 	text: text = 'GBP 67 today or GBP 75 after 119 days'
236.9458 	EXP 	fixation: autoDraw = True
237.9457 	INFO 	Keyboard events cleared
237.9455 	EXP 	fixation: autoDraw = False
237.9455 	EXP 	text: autoDraw = True
238.4298 	EXP 	New trial (rep=17, index=2): <Trial 121 (2 in rep 17) data={'reward_today': 49, 'future_reward': 60, 'delay': 89, 'thisN': 121, 'thisTrialN': 2, 'thisRepN': 17}>
238.4345 	DATA 	Keypress: t
238.4455 	EXP 	fixation: autoDraw = False
238.4455 	EXP 	text: autoDraw = False
238.4455 	EXP 	text: height = 0.05
238.4455 	EXP 	text: height = 0.05
238.4455 	EXP 	text: height = 0.05
238.4455 	EXP 	text: text = 'GBP 49 today or GBP 60 after 89 days'
238.4455 	EXP 	fixation: autoDraw = True
239.4455 	INFO 	Keyboard events cleared
239.4450 	EXP 	fixation: autoDraw = False
239.4450 	EXP 	text: autoDraw = True
239.8622 	EXP 	New trial (rep=17, index=3): <Trial 122 (3 in rep 17) data={'reward_today': 15, 'future_reward': 35, 'delay': 13, 'thisN': 122, 'thisTrialN': 3, 'thisRepN': 17}>
239.8661 	DATA 	Keypress: l
239.8780 	EXP 	fixation: autoDraw = False
239.8780 	EXP 	text: autoDraw = False
239.8780 	EXP 	text: height = 0.05
239.8780 	EXP 	text: height = 0.05
239.8780 	EXP 	text: height = 0.05
239.8780 	EXP 	text: text = 'GBP 15 today or GBP 35 after 13 days'
239.8780 	EXP 	fixation: autoDraw = True
240.8777 	INFO 	Keyboard events cleared
240.8774 	EXP 	fixation: autoDraw = False
240.8774 	EXP 	text: autoDraw = True
241.2804 	DATA 	Keypress: l
241.2953 	EXP 	New trial (rep=17, index=4): <Trial 123 (4 in rep 17) data={'reward_today': 40, 'future_reward': 55, 'delay': 62, 'thisN': 123, 'thisTrialN': 4, 'thisRepN': 17}>
241.3111 	EXP 	fixation: autoDraw = False
241.3111 	EXP 	text: autoDraw = False
241.3111 	EXP 	text: height = 0.05
241.3111 	EXP 	text: height = 0.05
241.3111 	EXP 	text: height = 0.05
241.3111 	EXP 	text: text = 'GBP 40 today or GBP 55 after 62 days'
241.3111 	EXP 	fixation: autoDraw = True
242.3104 	INFO 	Keyboard events cleared
242.3101 	EXP 	fixation: autoDraw = False
242.3101 	EXP 	text: autoDraw = True
242.7122 	EXP 	New trial (rep=17, index=5): <Trial 124 (5 in rep 17) data={'reward_today': 27, 'future_reward': 50, 'delay': 21, 'thisN': 124, 'thisTrialN': 5, 'thisRepN': 17}>
242.7164 	DATA 	Keypress: l
242.7269 	EXP 	fixation: autoDraw = False
242.7269 	EXP 	text: autoDraw = False
242.7269 	EXP 	text: height = 0.05
242.7269 	EXP 	text: height = 0.05
242.7269 	EXP 	text: height = 0.05
242.7269 	EXP 	text: text = 'GBP 27 today or GBP 50 after 21 days'
242.7269 	EXP 	fixation: autoDraw = True
243.7271 	INFO 	Keyboard events cleared
243.7267 	EXP 	fixation: autoDraw = False
243.7267 	EXP 	text: autoDraw = True
244.1272 	EXP 	New trial (rep=17, index=6): <Trial 125 (6 in rep 17) data={'reward_today': 11, 'future_reward': 30, 'delay': 7, 'thisN': 125, 'thisTrialN': 6, 'thisRepN': 17}>
244.1313 	DATA 	Keypress: l
244.1426 	EXP 	fixation: autoDraw = False
244.1426 	EXP 	text: autoDraw = False
244.1426 	EXP 	text: height = 0.05
244.1426 	EXP 	text: height = 0.05
244.1426 	EXP 	text: height = 0.05
244.1426 	EXP 	text: text = 'GBP 11 today or GBP 30 after 7 days'
244.1426 	EXP 	fixation: autoDraw = True
245.1264 	INFO 	Keyboard events cleared
245.1259 	EXP 	text: autoDraw = True
245.1429 	EXP 	fixation: autoDraw = False
245.5766 	EXP 	New trial (rep=18, index=0): <Trial 126 (0 in rep 18) data={'reward_today': 49, 'future_reward': 60, 'delay': 89, 'thisN': 126, 'thisTrialN': 0, 'thisRepN': 18}>
245.5811 	DATA 	Keypress: l
245.5923 	EXP 	fixation: autoDraw = False
245.5923 	EXP 	text: autoDraw = False
245.5923 	EXP 	text: height = 0.05
245.5923 	EXP 	text: height = 0.05
245.5923 	EXP 	text: height = 0.05
245.5923 	EXP 	text: text = 'GBP 49 today or GBP 60 after 89 days'
245.5923 	EXP 	fixation: autoDraw = True
246.5922 	INFO 	Keyboard events cleared
246.5918 	EXP 	fixation: autoDraw = False
246.5918 	EXP 	text: autoDraw = True
246.9926 	EXP 	New trial (rep=18, index=1): <Trial 127 (1 in rep 18) data={'reward_today': 40, 'future_reward': 55, 'delay': 62, 'thisN': 127, 'thisTrialN': 1, 'thisRepN': 18}>
246.9972 	DATA 	Keypress: l
247.0081 	EXP 	fixation: autoDraw = False
247.0081 	EXP 	text: autoDraw = False
247.0081 	EXP 	text: height = 0.05
247.0081 	EXP 	text: height = 0.05
247.0081 	EXP 	text: height = 0.05
247.0081 	EXP 	text: text = 'GBP 40 today or GBP 55 after 62 days'
247.0081 	EXP 	fixation: autoDraw = True
248.0091 	INFO 	Keyboard events cleared
248.0085 	EXP 	fixation: autoDraw = False
248.0085 	EXP 	text: autoDraw = True
248.1098 	DATA 	Keypress: escape
248.3089 	EXP 	Delay dfiscounting: status = STOPPED
248.3241 	EXP 	text: autoDraw = False
248.3242 	EXP 	Delay dfiscounting: status = STOPPED
248.3787 	INFO 	saved data to 'C:\\Users\\mssaa\\OneDrive\\Desktop\\PSYCHOPY\\data/participant 3_Delay dfiscounting_2024-11-19_16h58.39.619.csv'
248.3822 	INFO 	saved data to C:\Users\mssaa\OneDrive\Desktop\PSYCHOPY\data/participant 3_Delay dfiscounting_2024-11-19_16h58.39.619.psydat
